11:37:25 [INFO] Opening target process: csgo.exe
11:37:25 [INFO] Starting signature scanning: 57 items
11:37:25 [INFO] Found signature: dwClientState => 0x58EFE4
11:37:25 [INFO] Found signature: dwClientState_GetLocalPlayer => 0x180
11:37:25 [INFO] Found signature: dwClientState_IsHLTV => 0x4D48
11:37:25 [INFO] Found signature: dwClientState_Map => 0x28C
11:37:25 [INFO] Found signature: dwClientState_MapDirectory => 0x188
11:37:25 [INFO] Found signature: dwClientState_MaxPlayer => 0x388
11:37:25 [INFO] Found signature: dwClientState_PlayerInfo => 0x52C0
11:37:25 [INFO] Found signature: dwClientState_State => 0x108
11:37:25 [INFO] Found signature: dwClientState_ViewAngles => 0x4D90
11:37:25 [INFO] Found signature: clientstate_delta_ticks => 0x174
11:37:25 [INFO] Found signature: clientstate_last_outgoing_command => 0x4D2C
11:37:25 [INFO] Found signature: clientstate_choked_commands => 0x4D30
11:37:25 [INFO] Found signature: clientstate_net_channel => 0x9C
11:37:25 [INFO] Found signature: dwEntityList => 0x4DA2E14
11:37:25 [INFO] Found signature: dwForceAttack => 0x31D43A4
11:37:25 [INFO] Found signature: dwForceAttack2 => 0x31D43B0
11:37:25 [INFO] Found signature: dwForceBackward => 0x31D435C
11:37:25 [INFO] Found signature: dwForceForward => 0x31D4368
11:37:25 [INFO] Found signature: dwForceJump => 0x524CD74
11:37:25 [INFO] Found signature: dwForceLeft => 0x31D4380
11:37:25 [INFO] Found signature: dwForceRight => 0x31D4374
11:37:25 [INFO] Found signature: dwGameDir => 0x62D7F8
11:37:25 [INFO] Found signature: dwGameRulesProxy => 0x52C005C
11:37:25 [INFO] Found signature: dwGetAllClasses => 0xDB2D7C
11:37:25 [INFO] Found signature: dwGlobalVars => 0x58ECE8
11:37:25 [INFO] Found signature: dwGlowObjectManager => 0x52EB3F8
11:37:25 [INFO] Found signature: dwInput => 0x51F43F8
11:37:25 [INFO] Found signature: dwInterfaceLinkList => 0x945994
11:37:25 [INFO] Found signature: dwLocalPlayer => 0xD8B2BC
11:37:25 [INFO] Found signature: dwMouseEnable => 0xD90E60
11:37:25 [INFO] Found signature: dwMouseEnablePtr => 0xD90E30
11:37:25 [INFO] Found signature: dwPlayerResource => 0x31D26D0
11:37:25 [INFO] Found signature: dwRadarBase => 0x51D7B8C
11:37:25 [INFO] Found signature: dwSensitivity => 0xD90CFC
11:37:25 [INFO] Found signature: dwSensitivityPtr => 0xD90CD0
11:37:25 [INFO] Found signature: dwSetClanTag => 0x8A1A0
11:37:25 [INFO] Found signature: dwViewMatrix => 0x4D94714
11:37:25 [INFO] Found signature: dwWeaponTable => 0x51F4EB8
11:37:25 [INFO] Found signature: dwWeaponTableIndex => 0x325C
11:37:25 [INFO] Found signature: dwYawPtr => 0xD90AC0
11:37:25 [INFO] Found signature: dwZoomSensitivityRatioPtr => 0xD95D60
11:37:25 [INFO] Found signature: dwbSendPackets => 0xD73CA
11:37:25 [INFO] Found signature: dwppDirect3DDevice9 => 0xA7050
11:37:25 [INFO] Found signature: m_pStudioHdr => 0x294C
11:37:25 [INFO] Found signature: m_yawClassPtr => 0xD90AC0
11:37:25 [INFO] Found signature: m_pitchClassPtr => 0x51D7E28
11:37:25 [INFO] Found signature: interface_engine_cvar => 0x3E9EC
11:37:25 [INFO] Found signature: convar_name_hash_table => 0x2F0F8
11:37:25 [INFO] Found signature: m_bDormant => 0xED
11:37:25 [INFO] Found signature: model_ambient_min => 0x59205C
11:37:25 [INFO] Found signature: set_abs_angles => 0x1E05B0
11:37:25 [INFO] Found signature: set_abs_origin => 0x1E03F0
11:37:25 [INFO] Found signature: is_c4_owner => 0x3BAD80
11:37:25 [INFO] Found signature: force_update_spectator_glow => 0x3AE2C2
11:37:25 [INFO] Found signature: anim_overlays => 0x2980
11:37:25 [INFO] Found signature: m_flSpawnTime => 0xA370
11:37:25 [INFO] Found signature: find_hud_element => 0x2DA7EED0
11:37:25 [INFO] Finished signature scanning: 57/57 items successful
11:37:25 [INFO] Starting netvar scanning: 85 items
11:37:25 [INFO] Found netvar: m_ArmorValue => 0xB378
11:37:25 [INFO] Found netvar: m_Collision => 0x320
11:37:25 [INFO] Found netvar: m_CollisionGroup => 0x474
11:37:25 [INFO] Found netvar: m_Local => 0x2FBC
11:37:25 [INFO] Found netvar: m_MoveType => 0x25B
11:37:25 [INFO] Found netvar: m_OriginalOwnerXuidHigh => 0x31C4
11:37:25 [INFO] Found netvar: m_OriginalOwnerXuidLow => 0x31C0
11:37:25 [INFO] Found netvar: m_aimPunchAngle => 0x302C
11:37:25 [INFO] Found netvar: m_aimPunchAngleVel => 0x3038
11:37:25 [INFO] Found netvar: m_bGunGameImmunity => 0x3944
11:37:25 [INFO] Found netvar: m_bHasDefuser => 0xB388
11:37:25 [INFO] Found netvar: m_bHasHelmet => 0xB36C
11:37:25 [INFO] Found netvar: m_bInReload => 0x3238
11:37:25 [INFO] Found netvar: m_bIsDefusing => 0x3930
11:37:25 [INFO] Found netvar: m_bIsScoped => 0x3928
11:37:25 [INFO] Found netvar: m_bSpotted => 0x93D
11:37:25 [INFO] Found netvar: m_bSpottedByMask => 0x980
11:37:25 [INFO] Found netvar: m_dwBoneMatrix => 0x268C
11:37:25 [INFO] Found netvar: m_fAccuracyPenalty => 0x3330
11:37:25 [INFO] Found netvar: m_fFlags => 0x104
11:37:25 [INFO] Found netvar: m_flFallbackWear => 0x31D0
11:37:25 [INFO] Found netvar: m_flFlashDuration => 0xA420
11:37:25 [INFO] Found netvar: m_flFlashMaxAlpha => 0xA41C
11:37:25 [INFO] Found netvar: m_flNextPrimaryAttack => 0x3238
11:37:25 [INFO] Found netvar: m_hActiveWeapon => 0x2EF8
11:37:25 [INFO] Found netvar: m_hMyWeapons => 0x2EF8
11:37:25 [INFO] Found netvar: m_hObserverTarget => 0x338C
11:37:25 [INFO] Found netvar: m_hOwner => 0x29CC
11:37:25 [INFO] Found netvar: m_hOwnerEntity => 0x14C
11:37:25 [INFO] Found netvar: m_iAccountID => 0x2FC8
11:37:25 [INFO] Found netvar: m_iClip1 => 0x3264
11:37:25 [INFO] Found netvar: m_iCompetitiveRanking => 0x1A84
11:37:25 [INFO] Found netvar: m_iCompetitiveWins => 0x1B88
11:37:25 [INFO] Found netvar: m_iCrosshairId => 0xB388
11:37:25 [INFO] Found netvar: m_iEntityQuality => 0x2FAC
11:37:25 [INFO] Found netvar: m_iFOVStart => 0x31E8
11:37:25 [INFO] Found netvar: m_iFOV => 0x31E4
11:37:25 [INFO] Found netvar: m_iGlowIndex => 0xA420
11:37:25 [INFO] Found netvar: m_iHealth => 0x100
11:37:25 [INFO] Found netvar: m_iItemDefinitionIndex => 0x2FAA
11:37:25 [INFO] Found netvar: m_iItemIDHigh => 0x2FC0
11:37:25 [INFO] Found netvar: m_iObserverMode => 0x3378
11:37:25 [INFO] Found netvar: m_iShotsFired => 0xA390
11:37:25 [INFO] Found netvar: m_iState => 0x3258
11:37:25 [INFO] Found netvar: m_iTeamNum => 0xF4
11:37:25 [INFO] Found netvar: m_lifeState => 0x25F
11:37:25 [INFO] Found netvar: m_nFallbackPaintKit => 0x31C8
11:37:25 [INFO] Found netvar: m_nFallbackSeed => 0x31CC
11:37:25 [INFO] Found netvar: m_nFallbackStatTrak => 0x31D4
11:37:25 [INFO] Found netvar: m_nForceBone => 0x268C
11:37:25 [INFO] Found netvar: m_nTickBase => 0x3430
11:37:25 [INFO] Found netvar: m_rgflCoordinateFrame => 0x474
11:37:25 [INFO] Found netvar: m_szCustomName => 0x303C
11:37:25 [INFO] Found netvar: m_szLastPlaceName => 0x35B4
11:37:25 [INFO] Found netvar: m_vecOrigin => 0x138
11:37:25 [INFO] Found netvar: m_vecVelocity => 0x114
11:37:25 [INFO] Found netvar: m_vecViewOffset => 0x108
11:37:25 [INFO] Found netvar: m_viewPunchAngle => 0x3020
11:37:25 [INFO] Found netvar: m_thirdPersonViewAngles => 0x31D4
11:37:25 [INFO] Found netvar: m_clrRender => 0x70
11:37:25 [INFO] Found netvar: m_flC4Blow => 0x2990
11:37:25 [INFO] Found netvar: m_flTimerLength => 0x2994
11:37:25 [INFO] Found netvar: m_flDefuseLength => 0x29A8
11:37:25 [INFO] Found netvar: m_flDefuseCountDown => 0x29AC
11:37:25 [INFO] Found netvar: cs_gamerules_data => 0x0
11:37:25 [INFO] Found netvar: m_SurvivalRules => 0xD00
11:37:25 [INFO] Found netvar: m_SurvivalGameRuleDecisionTypes => 0x1328
11:37:25 [INFO] Found netvar: m_bIsValveDS => 0x7C
11:37:25 [INFO] Found netvar: m_bFreezePeriod => 0x20
11:37:25 [INFO] Found netvar: m_bBombPlanted => 0x9A5
11:37:25 [INFO] Found netvar: m_bIsQueuedMatchmaking => 0x74
11:37:25 [INFO] Found netvar: m_flSimulationTime => 0x268
11:37:25 [INFO] Found netvar: m_flLowerBodyYawTarget => 0x3A90
11:37:25 [INFO] Found netvar: m_angEyeAnglesX => 0xB37C
11:37:25 [INFO] Found netvar: m_angEyeAnglesY => 0xB380
11:37:25 [INFO] Found netvar: m_flNextAttack => 0x2D70
11:37:25 [INFO] Found netvar: m_iMostRecentModelBoneCounter => 0x268C
11:37:25 [INFO] Found netvar: m_flLastBoneSetupTime => 0x28BC
11:37:25 [INFO] Found netvar: m_bStartedArming => 0x33F0
11:37:25 [INFO] Found netvar: m_bUseCustomBloomScale => 0x9DA
11:37:25 [INFO] Found netvar: m_bUseCustomAutoExposureMin => 0x9D8
11:37:25 [INFO] Found netvar: m_bUseCustomAutoExposureMax => 0x9D9
11:37:25 [INFO] Found netvar: m_flCustomBloomScale => 0x9E4
11:37:25 [INFO] Found netvar: m_flCustomAutoExposureMin => 0x9DC
11:37:25 [INFO] Found netvar: m_flCustomAutoExposureMax => 0x9E0
11:37:25 [INFO] Finished netvar scanning: 85/85 items successful
12:25:49 [INFO] Opening target process: csgo.exe
12:25:49 [INFO] Starting signature scanning: 0 items
12:25:49 [INFO] Finished signature scanning: 0/0 items successful
12:25:49 [INFO] Starting netvar scanning: 0 items
12:26:47 [INFO] Opening target process: csgo.exe
12:26:47 [INFO] Starting signature scanning: 0 items
12:26:47 [INFO] Finished signature scanning: 0/0 items successful
12:26:47 [INFO] Starting netvar scanning: 0 items
12:26:52 [INFO] Opening target process: csgo.exe
12:26:52 [INFO] Starting signature scanning: 0 items
12:26:52 [INFO] Finished signature scanning: 0/0 items successful
12:26:52 [INFO] Starting netvar scanning: 0 items
15:36:07 [INFO] Opening target process: csgo.exe
15:36:07 [INFO] Starting signature scanning: 57 items
15:36:07 [INFO] Found signature: dwClientState => 0x58EFE4
15:36:07 [INFO] Found signature: dwClientState_GetLocalPlayer => 0x180
15:36:07 [INFO] Found signature: dwClientState_IsHLTV => 0x4D48
15:36:07 [INFO] Found signature: dwClientState_Map => 0x28C
15:36:07 [INFO] Found signature: dwClientState_MapDirectory => 0x188
15:36:07 [INFO] Found signature: dwClientState_MaxPlayer => 0x388
15:36:07 [INFO] Found signature: dwClientState_PlayerInfo => 0x52C0
15:36:07 [INFO] Found signature: dwClientState_State => 0x108
15:36:07 [INFO] Found signature: dwClientState_ViewAngles => 0x4D90
15:36:07 [INFO] Found signature: clientstate_delta_ticks => 0x174
15:36:07 [INFO] Found signature: clientstate_last_outgoing_command => 0x4D2C
15:36:07 [INFO] Found signature: clientstate_choked_commands => 0x4D30
15:36:07 [INFO] Found signature: clientstate_net_channel => 0x9C
15:36:07 [INFO] Found signature: dwEntityList => 0x4DA2E74
15:36:07 [INFO] Found signature: dwForceAttack => 0x31D4404
15:36:07 [INFO] Found signature: dwForceAttack2 => 0x31D4410
15:36:07 [INFO] Found signature: dwForceBackward => 0x31D43BC
15:36:07 [INFO] Found signature: dwForceForward => 0x31D43C8
15:36:07 [INFO] Found signature: dwForceJump => 0x524CDD4
15:36:07 [INFO] Found signature: dwForceLeft => 0x31D43E0
15:36:07 [INFO] Found signature: dwForceRight => 0x31D43D4
15:36:07 [INFO] Found signature: dwGameDir => 0x62D7F8
15:36:07 [INFO] Found signature: dwGameRulesProxy => 0x52C00BC
15:36:07 [INFO] Found signature: dwGetAllClasses => 0xDB2D6C
15:36:07 [INFO] Found signature: dwGlobalVars => 0x58ECE8
15:36:07 [INFO] Found signature: dwGlowObjectManager => 0x52EB478
15:36:07 [INFO] Found signature: dwInput => 0x51F4458
15:36:07 [INFO] Found signature: dwInterfaceLinkList => 0x945A44
15:36:07 [INFO] Found signature: dwLocalPlayer => 0xD8B2AC
15:36:07 [INFO] Found signature: dwMouseEnable => 0xD90E50
15:36:07 [INFO] Found signature: dwMouseEnablePtr => 0xD90E20
15:36:07 [INFO] Found signature: dwPlayerResource => 0x31D2730
15:36:07 [INFO] Found signature: dwRadarBase => 0x51D7BEC
15:36:07 [INFO] Found signature: dwSensitivity => 0xD90CEC
15:36:07 [INFO] Found signature: dwSensitivityPtr => 0xD90CC0
15:36:07 [INFO] Found signature: dwSetClanTag => 0x8A1A0
15:36:07 [INFO] Found signature: dwViewMatrix => 0x4D94774
15:36:07 [INFO] Found signature: dwWeaponTable => 0x51F4F18
15:36:07 [INFO] Found signature: dwWeaponTableIndex => 0x325C
15:36:07 [INFO] Found signature: dwYawPtr => 0xD90AB0
15:36:07 [INFO] Found signature: dwZoomSensitivityRatioPtr => 0xD95D50
15:36:07 [INFO] Found signature: dwbSendPackets => 0xD73CA
15:36:07 [INFO] Found signature: dwppDirect3DDevice9 => 0xA7050
15:36:07 [INFO] Found signature: m_pStudioHdr => 0x294C
15:36:07 [INFO] Found signature: m_yawClassPtr => 0xD90AB0
15:36:07 [INFO] Found signature: m_pitchClassPtr => 0x51D7E88
15:36:07 [INFO] Found signature: interface_engine_cvar => 0x3E9EC
15:36:07 [INFO] Found signature: convar_name_hash_table => 0x2F0F8
15:36:07 [INFO] Found signature: m_bDormant => 0xED
15:36:07 [INFO] Found signature: model_ambient_min => 0x59205C
15:36:07 [INFO] Found signature: set_abs_angles => 0x1E05B0
15:36:07 [INFO] Found signature: set_abs_origin => 0x1E03F0
15:36:07 [INFO] Found signature: is_c4_owner => 0x3BAD80
15:36:07 [INFO] Found signature: force_update_spectator_glow => 0x3AE2C2
15:36:07 [INFO] Found signature: anim_overlays => 0x2980
15:36:07 [INFO] Found signature: m_flSpawnTime => 0xA370
15:36:07 [INFO] Found signature: find_hud_element => 0x31BBEED0
15:36:07 [INFO] Finished signature scanning: 57/57 items successful
15:36:07 [INFO] Starting netvar scanning: 85 items
15:36:07 [INFO] Found netvar: m_ArmorValue => 0xB378
15:36:07 [INFO] Found netvar: m_Collision => 0x320
15:36:07 [INFO] Found netvar: m_CollisionGroup => 0x474
15:36:07 [INFO] Found netvar: m_Local => 0x2FBC
15:36:07 [INFO] Found netvar: m_MoveType => 0x25B
15:36:07 [INFO] Found netvar: m_OriginalOwnerXuidHigh => 0x31C4
15:36:07 [INFO] Found netvar: m_OriginalOwnerXuidLow => 0x31C0
15:36:07 [INFO] Found netvar: m_aimPunchAngle => 0x302C
15:36:07 [INFO] Found netvar: m_aimPunchAngleVel => 0x3038
15:36:07 [INFO] Found netvar: m_bGunGameImmunity => 0x3944
15:36:07 [INFO] Found netvar: m_bHasDefuser => 0xB388
15:36:07 [INFO] Found netvar: m_bHasHelmet => 0xB36C
15:36:07 [INFO] Found netvar: m_bInReload => 0x3238
15:36:07 [INFO] Found netvar: m_bIsDefusing => 0x3930
15:36:07 [INFO] Found netvar: m_bIsScoped => 0x3928
15:36:07 [INFO] Found netvar: m_bSpotted => 0x93D
15:36:07 [INFO] Found netvar: m_bSpottedByMask => 0x980
15:36:07 [INFO] Found netvar: m_dwBoneMatrix => 0x268C
15:36:07 [INFO] Found netvar: m_fAccuracyPenalty => 0x3330
15:36:07 [INFO] Found netvar: m_fFlags => 0x104
15:36:07 [INFO] Found netvar: m_flFallbackWear => 0x31D0
15:36:07 [INFO] Found netvar: m_flFlashDuration => 0xA420
15:36:07 [INFO] Found netvar: m_flFlashMaxAlpha => 0xA41C
15:36:07 [INFO] Found netvar: m_flNextPrimaryAttack => 0x3238
15:36:07 [INFO] Found netvar: m_hActiveWeapon => 0x2EF8
15:36:07 [INFO] Found netvar: m_hMyWeapons => 0x2EF8
15:36:07 [INFO] Found netvar: m_hObserverTarget => 0x338C
15:36:07 [INFO] Found netvar: m_hOwner => 0x29CC
15:36:07 [INFO] Found netvar: m_hOwnerEntity => 0x14C
15:36:07 [INFO] Found netvar: m_iAccountID => 0x2FC8
15:36:07 [INFO] Found netvar: m_iClip1 => 0x3264
15:36:07 [INFO] Found netvar: m_iCompetitiveRanking => 0x1A84
15:36:07 [INFO] Found netvar: m_iCompetitiveWins => 0x1B88
15:36:07 [INFO] Found netvar: m_iCrosshairId => 0xB388
15:36:07 [INFO] Found netvar: m_iEntityQuality => 0x2FAC
15:36:07 [INFO] Found netvar: m_iFOVStart => 0x31E8
15:36:07 [INFO] Found netvar: m_iFOV => 0x31E4
15:36:07 [INFO] Found netvar: m_iGlowIndex => 0xA420
15:36:07 [INFO] Found netvar: m_iHealth => 0x100
15:36:07 [INFO] Found netvar: m_iItemDefinitionIndex => 0x2FAA
15:36:07 [INFO] Found netvar: m_iItemIDHigh => 0x2FC0
15:36:07 [INFO] Found netvar: m_iObserverMode => 0x3378
15:36:07 [INFO] Found netvar: m_iShotsFired => 0xA390
15:36:07 [INFO] Found netvar: m_iState => 0x3258
15:36:07 [INFO] Found netvar: m_iTeamNum => 0xF4
15:36:07 [INFO] Found netvar: m_lifeState => 0x25F
15:36:07 [INFO] Found netvar: m_nFallbackPaintKit => 0x31C8
15:36:07 [INFO] Found netvar: m_nFallbackSeed => 0x31CC
15:36:07 [INFO] Found netvar: m_nFallbackStatTrak => 0x31D4
15:36:07 [INFO] Found netvar: m_nForceBone => 0x268C
15:36:07 [INFO] Found netvar: m_nTickBase => 0x3430
15:36:07 [INFO] Found netvar: m_rgflCoordinateFrame => 0x474
15:36:07 [INFO] Found netvar: m_szCustomName => 0x303C
15:36:07 [INFO] Found netvar: m_szLastPlaceName => 0x35B4
15:36:07 [INFO] Found netvar: m_vecOrigin => 0x138
15:36:07 [INFO] Found netvar: m_vecVelocity => 0x114
15:36:07 [INFO] Found netvar: m_vecViewOffset => 0x108
15:36:07 [INFO] Found netvar: m_viewPunchAngle => 0x3020
15:36:07 [INFO] Found netvar: m_thirdPersonViewAngles => 0x31D4
15:36:07 [INFO] Found netvar: m_clrRender => 0x70
15:36:07 [INFO] Found netvar: m_flC4Blow => 0x2990
15:36:07 [INFO] Found netvar: m_flTimerLength => 0x2994
15:36:07 [INFO] Found netvar: m_flDefuseLength => 0x29A8
15:36:07 [INFO] Found netvar: m_flDefuseCountDown => 0x29AC
15:36:07 [INFO] Found netvar: cs_gamerules_data => 0x0
15:36:07 [INFO] Found netvar: m_SurvivalRules => 0xD00
15:36:07 [INFO] Found netvar: m_SurvivalGameRuleDecisionTypes => 0x1328
15:36:07 [INFO] Found netvar: m_bIsValveDS => 0x7C
15:36:07 [INFO] Found netvar: m_bFreezePeriod => 0x20
15:36:07 [INFO] Found netvar: m_bBombPlanted => 0x9A5
15:36:07 [INFO] Found netvar: m_bIsQueuedMatchmaking => 0x74
15:36:07 [INFO] Found netvar: m_flSimulationTime => 0x268
15:36:07 [INFO] Found netvar: m_flLowerBodyYawTarget => 0x3A90
15:36:07 [INFO] Found netvar: m_angEyeAnglesX => 0xB37C
15:36:07 [INFO] Found netvar: m_angEyeAnglesY => 0xB380
15:36:07 [INFO] Found netvar: m_flNextAttack => 0x2D70
15:36:07 [INFO] Found netvar: m_iMostRecentModelBoneCounter => 0x268C
15:36:07 [INFO] Found netvar: m_flLastBoneSetupTime => 0x28BC
15:36:07 [INFO] Found netvar: m_bStartedArming => 0x33F0
15:36:07 [INFO] Found netvar: m_bUseCustomBloomScale => 0x9DA
15:36:07 [INFO] Found netvar: m_bUseCustomAutoExposureMin => 0x9D8
15:36:07 [INFO] Found netvar: m_bUseCustomAutoExposureMax => 0x9D9
15:36:07 [INFO] Found netvar: m_flCustomBloomScale => 0x9E4
15:36:07 [INFO] Found netvar: m_flCustomAutoExposureMin => 0x9DC
15:36:07 [INFO] Found netvar: m_flCustomAutoExposureMax => 0x9E0
15:36:07 [INFO] Finished netvar scanning: 85/85 items successful
17:59:34 [INFO] Opening target process: csgo.exe
17:59:34 [INFO] Starting signature scanning: 57 items
17:59:34 [INFO] Found signature: dwClientState => 0x58EFE4
17:59:34 [INFO] Found signature: dwClientState_GetLocalPlayer => 0x180
17:59:34 [INFO] Found signature: dwClientState_IsHLTV => 0x4D48
17:59:34 [INFO] Found signature: dwClientState_Map => 0x28C
17:59:34 [INFO] Found signature: dwClientState_MapDirectory => 0x188
17:59:34 [INFO] Found signature: dwClientState_MaxPlayer => 0x388
17:59:34 [INFO] Found signature: dwClientState_PlayerInfo => 0x52C0
17:59:34 [INFO] Found signature: dwClientState_State => 0x108
17:59:34 [INFO] Found signature: dwClientState_ViewAngles => 0x4D90
17:59:34 [INFO] Found signature: clientstate_delta_ticks => 0x174
17:59:34 [INFO] Found signature: clientstate_last_outgoing_command => 0x4D2C
17:59:34 [INFO] Found signature: clientstate_choked_commands => 0x4D30
17:59:34 [INFO] Found signature: clientstate_net_channel => 0x9C
17:59:34 [INFO] Found signature: dwEntityList => 0x4DA1F24
17:59:34 [INFO] Found signature: dwForceAttack => 0x31D3460
17:59:34 [INFO] Found signature: dwForceAttack2 => 0x31D346C
17:59:34 [INFO] Found signature: dwForceBackward => 0x31D349C
17:59:34 [INFO] Found signature: dwForceForward => 0x31D3478
17:59:34 [INFO] Found signature: dwForceJump => 0x524BE84
17:59:34 [INFO] Found signature: dwForceLeft => 0x31D3490
17:59:34 [INFO] Found signature: dwForceRight => 0x31D34B4
17:59:34 [INFO] Found signature: dwGameDir => 0x62D7F8
17:59:34 [INFO] Found signature: dwGameRulesProxy => 0x52BF16C
17:59:34 [INFO] Found signature: dwGetAllClasses => 0xDB1F8C
17:59:34 [INFO] Found signature: dwGlobalVars => 0x58ECE8
17:59:34 [INFO] Found signature: dwGlowObjectManager => 0x52EA520
17:59:34 [INFO] Found signature: dwInput => 0x51F3508
17:59:34 [INFO] Found signature: dwInterfaceLinkList => 0x945544
17:59:34 [INFO] Found signature: dwLocalPlayer => 0xD8A2BC
17:59:34 [INFO] Found signature: dwMouseEnable => 0xD8FE60
17:59:34 [INFO] Found signature: dwMouseEnablePtr => 0xD8FE30
17:59:34 [INFO] Found signature: dwPlayerResource => 0x31D17E0
17:59:34 [INFO] Found signature: dwRadarBase => 0x51D6C9C
17:59:34 [INFO] Found signature: dwSensitivity => 0xD8FCFC
17:59:34 [INFO] Found signature: dwSensitivityPtr => 0xD8FCD0
17:59:34 [INFO] Found signature: dwSetClanTag => 0x8A1A0
17:59:34 [INFO] Found signature: dwViewMatrix => 0x4D93824
17:59:34 [INFO] Found signature: dwWeaponTable => 0x51F3FC8
17:59:34 [INFO] Found signature: dwWeaponTableIndex => 0x325C
17:59:34 [INFO] Found signature: dwYawPtr => 0xD8FAC0
17:59:34 [INFO] Found signature: dwZoomSensitivityRatioPtr => 0xD94D60
17:59:34 [INFO] Found signature: dwbSendPackets => 0xD73EA
17:59:34 [INFO] Found signature: dwppDirect3DDevice9 => 0xA7050
17:59:34 [INFO] Found signature: m_pStudioHdr => 0x294C
17:59:34 [INFO] Found signature: m_yawClassPtr => 0xD8FAC0
17:59:34 [INFO] Found signature: m_pitchClassPtr => 0x51D6F38
17:59:34 [INFO] Found signature: interface_engine_cvar => 0x3E9EC
17:59:34 [INFO] Found signature: convar_name_hash_table => 0x2F0F8
17:59:34 [INFO] Found signature: m_bDormant => 0xED
17:59:34 [INFO] Found signature: model_ambient_min => 0x59205C
17:59:34 [INFO] Found signature: set_abs_angles => 0x1DF9C0
17:59:34 [INFO] Found signature: set_abs_origin => 0x1DF800
17:59:34 [INFO] Found signature: is_c4_owner => 0x3BA430
17:59:34 [INFO] Found signature: force_update_spectator_glow => 0x3AD962
17:59:34 [INFO] Found signature: anim_overlays => 0x2980
17:59:34 [INFO] Found signature: m_flSpawnTime => 0xA370
17:59:34 [INFO] Found signature: find_hud_element => 0x2840E320
17:59:34 [INFO] Finished signature scanning: 57/57 items successful
17:59:34 [INFO] Starting netvar scanning: 85 items
17:59:34 [INFO] Found netvar: m_ArmorValue => 0xB378
17:59:34 [INFO] Found netvar: m_Collision => 0x320
17:59:34 [INFO] Found netvar: m_CollisionGroup => 0x474
17:59:34 [INFO] Found netvar: m_Local => 0x2FBC
17:59:34 [INFO] Found netvar: m_MoveType => 0x25B
17:59:34 [INFO] Found netvar: m_OriginalOwnerXuidHigh => 0x31C4
17:59:34 [INFO] Found netvar: m_OriginalOwnerXuidLow => 0x31C0
17:59:34 [INFO] Found netvar: m_aimPunchAngle => 0x302C
17:59:34 [INFO] Found netvar: m_aimPunchAngleVel => 0x3038
17:59:34 [INFO] Found netvar: m_bGunGameImmunity => 0x3944
17:59:34 [INFO] Found netvar: m_bHasDefuser => 0xB388
17:59:34 [INFO] Found netvar: m_bHasHelmet => 0xB36C
17:59:34 [INFO] Found netvar: m_bInReload => 0x3238
17:59:34 [INFO] Found netvar: m_bIsDefusing => 0x3930
17:59:34 [INFO] Found netvar: m_bIsScoped => 0x3928
17:59:34 [INFO] Found netvar: m_bSpotted => 0x93D
17:59:34 [INFO] Found netvar: m_bSpottedByMask => 0x980
17:59:34 [INFO] Found netvar: m_dwBoneMatrix => 0x268C
17:59:34 [INFO] Found netvar: m_fAccuracyPenalty => 0x3330
17:59:34 [INFO] Found netvar: m_fFlags => 0x104
17:59:34 [INFO] Found netvar: m_flFallbackWear => 0x31D0
17:59:34 [INFO] Found netvar: m_flFlashDuration => 0xA420
17:59:34 [INFO] Found netvar: m_flFlashMaxAlpha => 0xA41C
17:59:34 [INFO] Found netvar: m_flNextPrimaryAttack => 0x3238
17:59:34 [INFO] Found netvar: m_hActiveWeapon => 0x2EF8
17:59:34 [INFO] Found netvar: m_hMyWeapons => 0x2EF8
17:59:34 [INFO] Found netvar: m_hObserverTarget => 0x338C
17:59:34 [INFO] Found netvar: m_hOwner => 0x29CC
17:59:34 [INFO] Found netvar: m_hOwnerEntity => 0x14C
17:59:34 [INFO] Found netvar: m_iAccountID => 0x2FC8
17:59:34 [INFO] Found netvar: m_iClip1 => 0x3264
17:59:34 [INFO] Found netvar: m_iCompetitiveRanking => 0x1A84
17:59:34 [INFO] Found netvar: m_iCompetitiveWins => 0x1B88
17:59:34 [INFO] Found netvar: m_iCrosshairId => 0xB388
17:59:34 [INFO] Found netvar: m_iEntityQuality => 0x2FAC
17:59:34 [INFO] Found netvar: m_iFOVStart => 0x31E8
17:59:34 [INFO] Found netvar: m_iFOV => 0x31E4
17:59:34 [INFO] Found netvar: m_iGlowIndex => 0xA420
17:59:34 [INFO] Found netvar: m_iHealth => 0x100
17:59:34 [INFO] Found netvar: m_iItemDefinitionIndex => 0x2FAA
17:59:34 [INFO] Found netvar: m_iItemIDHigh => 0x2FC0
17:59:34 [INFO] Found netvar: m_iObserverMode => 0x3378
17:59:34 [INFO] Found netvar: m_iShotsFired => 0xA390
17:59:34 [INFO] Found netvar: m_iState => 0x3258
17:59:34 [INFO] Found netvar: m_iTeamNum => 0xF4
17:59:34 [INFO] Found netvar: m_lifeState => 0x25F
17:59:34 [INFO] Found netvar: m_nFallbackPaintKit => 0x31C8
17:59:34 [INFO] Found netvar: m_nFallbackSeed => 0x31CC
17:59:34 [INFO] Found netvar: m_nFallbackStatTrak => 0x31D4
17:59:34 [INFO] Found netvar: m_nForceBone => 0x268C
17:59:34 [INFO] Found netvar: m_nTickBase => 0x3430
17:59:34 [INFO] Found netvar: m_rgflCoordinateFrame => 0x474
17:59:34 [INFO] Found netvar: m_szCustomName => 0x303C
17:59:34 [INFO] Found netvar: m_szLastPlaceName => 0x35B4
17:59:34 [INFO] Found netvar: m_vecOrigin => 0x138
17:59:34 [INFO] Found netvar: m_vecVelocity => 0x114
17:59:34 [INFO] Found netvar: m_vecViewOffset => 0x108
17:59:34 [INFO] Found netvar: m_viewPunchAngle => 0x3020
17:59:34 [INFO] Found netvar: m_thirdPersonViewAngles => 0x31D4
17:59:34 [INFO] Found netvar: m_clrRender => 0x70
17:59:34 [INFO] Found netvar: m_flC4Blow => 0x2990
17:59:34 [INFO] Found netvar: m_flTimerLength => 0x2994
17:59:34 [INFO] Found netvar: m_flDefuseLength => 0x29A8
17:59:34 [INFO] Found netvar: m_flDefuseCountDown => 0x29AC
17:59:34 [INFO] Found netvar: cs_gamerules_data => 0x0
17:59:34 [INFO] Found netvar: m_SurvivalRules => 0xD00
17:59:34 [INFO] Found netvar: m_SurvivalGameRuleDecisionTypes => 0x1328
17:59:34 [INFO] Found netvar: m_bIsValveDS => 0x7C
17:59:34 [INFO] Found netvar: m_bFreezePeriod => 0x20
17:59:34 [INFO] Found netvar: m_bBombPlanted => 0x9A5
17:59:34 [INFO] Found netvar: m_bIsQueuedMatchmaking => 0x74
17:59:34 [INFO] Found netvar: m_flSimulationTime => 0x268
17:59:34 [INFO] Found netvar: m_flLowerBodyYawTarget => 0x3A90
17:59:34 [INFO] Found netvar: m_angEyeAnglesX => 0xB37C
17:59:34 [INFO] Found netvar: m_angEyeAnglesY => 0xB380
17:59:34 [INFO] Found netvar: m_flNextAttack => 0x2D70
17:59:34 [INFO] Found netvar: m_iMostRecentModelBoneCounter => 0x268C
17:59:34 [INFO] Found netvar: m_flLastBoneSetupTime => 0x28BC
17:59:34 [INFO] Found netvar: m_bStartedArming => 0x33F0
17:59:34 [INFO] Found netvar: m_bUseCustomBloomScale => 0x9DA
17:59:34 [INFO] Found netvar: m_bUseCustomAutoExposureMin => 0x9D8
17:59:34 [INFO] Found netvar: m_bUseCustomAutoExposureMax => 0x9D9
17:59:34 [INFO] Found netvar: m_flCustomBloomScale => 0x9E4
17:59:34 [INFO] Found netvar: m_flCustomAutoExposureMin => 0x9DC
17:59:34 [INFO] Found netvar: m_flCustomAutoExposureMax => 0x9E0
17:59:34 [INFO] Finished netvar scanning: 85/85 items successful
18:04:50 [INFO] Opening target process: csgo.exe
18:04:50 [INFO] Starting signature scanning: 57 items
18:04:50 [INFO] Found signature: dwClientState => 0x58EFE4
18:04:50 [INFO] Found signature: dwClientState_GetLocalPlayer => 0x180
18:04:50 [INFO] Found signature: dwClientState_IsHLTV => 0x4D48
18:04:50 [INFO] Found signature: dwClientState_Map => 0x28C
18:04:50 [INFO] Found signature: dwClientState_MapDirectory => 0x188
18:04:50 [INFO] Found signature: dwClientState_MaxPlayer => 0x388
18:04:50 [INFO] Found signature: dwClientState_PlayerInfo => 0x52C0
18:04:50 [INFO] Found signature: dwClientState_State => 0x108
18:04:50 [INFO] Found signature: dwClientState_ViewAngles => 0x4D90
18:04:50 [INFO] Found signature: clientstate_delta_ticks => 0x174
18:04:50 [INFO] Found signature: clientstate_last_outgoing_command => 0x4D2C
18:04:50 [INFO] Found signature: clientstate_choked_commands => 0x4D30
18:04:50 [INFO] Found signature: clientstate_net_channel => 0x9C
18:04:50 [INFO] Found signature: dwEntityList => 0x4DA1F24
18:04:50 [INFO] Found signature: dwForceAttack => 0x31D3460
18:04:50 [INFO] Found signature: dwForceAttack2 => 0x31D346C
18:04:50 [INFO] Found signature: dwForceBackward => 0x31D349C
18:04:50 [INFO] Found signature: dwForceForward => 0x31D3478
18:04:50 [INFO] Found signature: dwForceJump => 0x524BE84
18:04:50 [INFO] Found signature: dwForceLeft => 0x31D3490
18:04:50 [INFO] Found signature: dwForceRight => 0x31D34B4
18:04:50 [INFO] Found signature: dwGameDir => 0x62D7F8
18:04:50 [INFO] Found signature: dwGameRulesProxy => 0x52BF16C
18:04:50 [INFO] Found signature: dwGetAllClasses => 0xDB1F8C
18:04:50 [INFO] Found signature: dwGlobalVars => 0x58ECE8
18:04:50 [INFO] Found signature: dwGlowObjectManager => 0x52EA520
18:04:50 [INFO] Found signature: dwInput => 0x51F3508
18:04:50 [INFO] Found signature: dwInterfaceLinkList => 0x945544
18:04:50 [INFO] Found signature: dwLocalPlayer => 0xD8A2BC
18:04:50 [INFO] Found signature: dwMouseEnable => 0xD8FE60
18:04:50 [INFO] Found signature: dwMouseEnablePtr => 0xD8FE30
18:04:50 [INFO] Found signature: dwPlayerResource => 0x31D17E0
18:04:50 [INFO] Found signature: dwRadarBase => 0x51D6C9C
18:04:50 [INFO] Found signature: dwSensitivity => 0xD8FCFC
18:04:50 [INFO] Found signature: dwSensitivityPtr => 0xD8FCD0
18:04:50 [INFO] Found signature: dwSetClanTag => 0x8A1A0
18:04:50 [INFO] Found signature: dwViewMatrix => 0x4D93824
18:04:50 [INFO] Found signature: dwWeaponTable => 0x51F3FC8
18:04:50 [INFO] Found signature: dwWeaponTableIndex => 0x325C
18:04:50 [INFO] Found signature: dwYawPtr => 0xD8FAC0
18:04:50 [INFO] Found signature: dwZoomSensitivityRatioPtr => 0xD94D60
18:04:50 [INFO] Found signature: dwbSendPackets => 0xD73EA
18:04:50 [INFO] Found signature: dwppDirect3DDevice9 => 0xA7050
18:04:50 [INFO] Found signature: m_pStudioHdr => 0x294C
18:04:50 [INFO] Found signature: m_yawClassPtr => 0xD8FAC0
18:04:50 [INFO] Found signature: m_pitchClassPtr => 0x51D6F38
18:04:50 [INFO] Found signature: interface_engine_cvar => 0x3E9EC
18:04:50 [INFO] Found signature: convar_name_hash_table => 0x2F0F8
18:04:50 [INFO] Found signature: m_bDormant => 0xED
18:04:50 [INFO] Found signature: model_ambient_min => 0x59205C
18:04:50 [INFO] Found signature: set_abs_angles => 0x1DF9C0
18:04:50 [INFO] Found signature: set_abs_origin => 0x1DF800
18:04:50 [INFO] Found signature: is_c4_owner => 0x3BA430
18:04:50 [INFO] Found signature: force_update_spectator_glow => 0x3AD962
18:04:50 [INFO] Found signature: anim_overlays => 0x2980
18:04:50 [INFO] Found signature: m_flSpawnTime => 0xA370
18:04:50 [INFO] Found signature: find_hud_element => 0x2840E320
18:04:50 [INFO] Finished signature scanning: 57/57 items successful
18:04:50 [INFO] Starting netvar scanning: 85 items
18:04:50 [INFO] Found netvar: m_ArmorValue => 0xB378
18:04:50 [INFO] Found netvar: m_Collision => 0x320
18:04:50 [INFO] Found netvar: m_CollisionGroup => 0x474
18:04:50 [INFO] Found netvar: m_Local => 0x2FBC
18:04:50 [INFO] Found netvar: m_MoveType => 0x25B
18:04:50 [INFO] Found netvar: m_OriginalOwnerXuidHigh => 0x31C4
18:04:50 [INFO] Found netvar: m_OriginalOwnerXuidLow => 0x31C0
18:04:50 [INFO] Found netvar: m_aimPunchAngle => 0x302C
18:04:50 [INFO] Found netvar: m_aimPunchAngleVel => 0x3038
18:04:50 [INFO] Found netvar: m_bGunGameImmunity => 0x3944
18:04:50 [INFO] Found netvar: m_bHasDefuser => 0xB388
18:04:50 [INFO] Found netvar: m_bHasHelmet => 0xB36C
18:04:50 [INFO] Found netvar: m_bInReload => 0x3238
18:04:50 [INFO] Found netvar: m_bIsDefusing => 0x3930
18:04:50 [INFO] Found netvar: m_bIsScoped => 0x3928
18:04:50 [INFO] Found netvar: m_bSpotted => 0x93D
18:04:50 [INFO] Found netvar: m_bSpottedByMask => 0x980
18:04:50 [INFO] Found netvar: m_dwBoneMatrix => 0x268C
18:04:50 [INFO] Found netvar: m_fAccuracyPenalty => 0x3330
18:04:50 [INFO] Found netvar: m_fFlags => 0x104
18:04:50 [INFO] Found netvar: m_flFallbackWear => 0x31D0
18:04:50 [INFO] Found netvar: m_flFlashDuration => 0xA420
18:04:50 [INFO] Found netvar: m_flFlashMaxAlpha => 0xA41C
18:04:50 [INFO] Found netvar: m_flNextPrimaryAttack => 0x3238
18:04:50 [INFO] Found netvar: m_hActiveWeapon => 0x2EF8
18:04:50 [INFO] Found netvar: m_hMyWeapons => 0x2EF8
18:04:50 [INFO] Found netvar: m_hObserverTarget => 0x338C
18:04:50 [INFO] Found netvar: m_hOwner => 0x29CC
18:04:50 [INFO] Found netvar: m_hOwnerEntity => 0x14C
18:04:50 [INFO] Found netvar: m_iAccountID => 0x2FC8
18:04:50 [INFO] Found netvar: m_iClip1 => 0x3264
18:04:50 [INFO] Found netvar: m_iCompetitiveRanking => 0x1A84
18:04:50 [INFO] Found netvar: m_iCompetitiveWins => 0x1B88
18:04:50 [INFO] Found netvar: m_iCrosshairId => 0xB388
18:04:50 [INFO] Found netvar: m_iEntityQuality => 0x2FAC
18:04:50 [INFO] Found netvar: m_iFOVStart => 0x31E8
18:04:50 [INFO] Found netvar: m_iFOV => 0x31E4
18:04:50 [INFO] Found netvar: m_iGlowIndex => 0xA420
18:04:50 [INFO] Found netvar: m_iHealth => 0x100
18:04:50 [INFO] Found netvar: m_iItemDefinitionIndex => 0x2FAA
18:04:50 [INFO] Found netvar: m_iItemIDHigh => 0x2FC0
18:04:50 [INFO] Found netvar: m_iObserverMode => 0x3378
18:04:50 [INFO] Found netvar: m_iShotsFired => 0xA390
18:04:50 [INFO] Found netvar: m_iState => 0x3258
18:04:50 [INFO] Found netvar: m_iTeamNum => 0xF4
18:04:50 [INFO] Found netvar: m_lifeState => 0x25F
18:04:50 [INFO] Found netvar: m_nFallbackPaintKit => 0x31C8
18:04:50 [INFO] Found netvar: m_nFallbackSeed => 0x31CC
18:04:50 [INFO] Found netvar: m_nFallbackStatTrak => 0x31D4
18:04:50 [INFO] Found netvar: m_nForceBone => 0x268C
18:04:50 [INFO] Found netvar: m_nTickBase => 0x3430
18:04:50 [INFO] Found netvar: m_rgflCoordinateFrame => 0x474
18:04:50 [INFO] Found netvar: m_szCustomName => 0x303C
18:04:50 [INFO] Found netvar: m_szLastPlaceName => 0x35B4
18:04:50 [INFO] Found netvar: m_vecOrigin => 0x138
18:04:50 [INFO] Found netvar: m_vecVelocity => 0x114
18:04:50 [INFO] Found netvar: m_vecViewOffset => 0x108
18:04:50 [INFO] Found netvar: m_viewPunchAngle => 0x3020
18:04:50 [INFO] Found netvar: m_thirdPersonViewAngles => 0x31D4
18:04:50 [INFO] Found netvar: m_clrRender => 0x70
18:04:50 [INFO] Found netvar: m_flC4Blow => 0x2990
18:04:50 [INFO] Found netvar: m_flTimerLength => 0x2994
18:04:50 [INFO] Found netvar: m_flDefuseLength => 0x29A8
18:04:50 [INFO] Found netvar: m_flDefuseCountDown => 0x29AC
18:04:50 [INFO] Found netvar: cs_gamerules_data => 0x0
18:04:50 [INFO] Found netvar: m_SurvivalRules => 0xD00
18:04:50 [INFO] Found netvar: m_SurvivalGameRuleDecisionTypes => 0x1328
18:04:50 [INFO] Found netvar: m_bIsValveDS => 0x7C
18:04:50 [INFO] Found netvar: m_bFreezePeriod => 0x20
18:04:50 [INFO] Found netvar: m_bBombPlanted => 0x9A5
18:04:50 [INFO] Found netvar: m_bIsQueuedMatchmaking => 0x74
18:04:50 [INFO] Found netvar: m_flSimulationTime => 0x268
18:04:50 [INFO] Found netvar: m_flLowerBodyYawTarget => 0x3A90
18:04:50 [INFO] Found netvar: m_angEyeAnglesX => 0xB37C
18:04:50 [INFO] Found netvar: m_angEyeAnglesY => 0xB380
18:04:50 [INFO] Found netvar: m_flNextAttack => 0x2D70
18:04:50 [INFO] Found netvar: m_iMostRecentModelBoneCounter => 0x268C
18:04:50 [INFO] Found netvar: m_flLastBoneSetupTime => 0x28BC
18:04:50 [INFO] Found netvar: m_bStartedArming => 0x33F0
18:04:50 [INFO] Found netvar: m_bUseCustomBloomScale => 0x9DA
18:04:50 [INFO] Found netvar: m_bUseCustomAutoExposureMin => 0x9D8
18:04:50 [INFO] Found netvar: m_bUseCustomAutoExposureMax => 0x9D9
18:04:50 [INFO] Found netvar: m_flCustomBloomScale => 0x9E4
18:04:50 [INFO] Found netvar: m_flCustomAutoExposureMin => 0x9DC
18:04:50 [INFO] Found netvar: m_flCustomAutoExposureMax => 0x9E0
18:04:50 [INFO] Finished netvar scanning: 85/85 items successful
15:52:13 [INFO] Opening target process: csgo.exe
15:52:13 [INFO] Starting signature scanning: 57 items
15:52:14 [INFO] Found signature: dwClientState => 0x58EFE4
15:52:14 [INFO] Found signature: dwClientState_GetLocalPlayer => 0x180
15:52:14 [INFO] Found signature: dwClientState_IsHLTV => 0x4D48
15:52:14 [INFO] Found signature: dwClientState_Map => 0x28C
15:52:14 [INFO] Found signature: dwClientState_MapDirectory => 0x188
15:52:14 [INFO] Found signature: dwClientState_MaxPlayer => 0x388
15:52:14 [INFO] Found signature: dwClientState_PlayerInfo => 0x52C0
15:52:14 [INFO] Found signature: dwClientState_State => 0x108
15:52:14 [INFO] Found signature: dwClientState_ViewAngles => 0x4D90
15:52:14 [INFO] Found signature: clientstate_delta_ticks => 0x174
15:52:14 [INFO] Found signature: clientstate_last_outgoing_command => 0x4D2C
15:52:14 [INFO] Found signature: clientstate_choked_commands => 0x4D30
15:52:14 [INFO] Found signature: clientstate_net_channel => 0x9C
15:52:14 [INFO] Found signature: dwEntityList => 0x4DA1F24
15:52:14 [INFO] Found signature: dwForceAttack => 0x31D3460
15:52:14 [INFO] Found signature: dwForceAttack2 => 0x31D346C
15:52:14 [INFO] Found signature: dwForceBackward => 0x31D349C
15:52:14 [INFO] Found signature: dwForceForward => 0x31D3478
15:52:14 [INFO] Found signature: dwForceJump => 0x524BE84
15:52:14 [INFO] Found signature: dwForceLeft => 0x31D3490
15:52:14 [INFO] Found signature: dwForceRight => 0x31D34B4
15:52:14 [INFO] Found signature: dwGameDir => 0x62D7F8
15:52:14 [INFO] Found signature: dwGameRulesProxy => 0x52BF16C
15:52:14 [INFO] Found signature: dwGetAllClasses => 0xDB1F8C
15:52:14 [INFO] Found signature: dwGlobalVars => 0x58ECE8
15:52:14 [INFO] Found signature: dwGlowObjectManager => 0x52EA520
15:52:14 [INFO] Found signature: dwInput => 0x51F3508
15:52:14 [INFO] Found signature: dwInterfaceLinkList => 0x945544
15:52:14 [INFO] Found signature: dwLocalPlayer => 0xD8A2BC
15:52:14 [INFO] Found signature: dwMouseEnable => 0xD8FE60
15:52:14 [INFO] Found signature: dwMouseEnablePtr => 0xD8FE30
15:52:14 [INFO] Found signature: dwPlayerResource => 0x31D17E0
15:52:14 [INFO] Found signature: dwRadarBase => 0x51D6C9C
15:52:14 [INFO] Found signature: dwSensitivity => 0xD8FCFC
15:52:14 [INFO] Found signature: dwSensitivityPtr => 0xD8FCD0
15:52:14 [INFO] Found signature: dwSetClanTag => 0x8A1A0
15:52:14 [INFO] Found signature: dwViewMatrix => 0x4D93824
15:52:14 [INFO] Found signature: dwWeaponTable => 0x51F3FC8
15:52:14 [INFO] Found signature: dwWeaponTableIndex => 0x325C
15:52:14 [INFO] Found signature: dwYawPtr => 0xD8FAC0
15:52:14 [INFO] Found signature: dwZoomSensitivityRatioPtr => 0xD94D60
15:52:14 [INFO] Found signature: dwbSendPackets => 0xD73EA
15:52:14 [INFO] Found signature: dwppDirect3DDevice9 => 0xA7050
15:52:14 [INFO] Found signature: m_pStudioHdr => 0x294C
15:52:14 [INFO] Found signature: m_yawClassPtr => 0xD8FAC0
15:52:14 [INFO] Found signature: m_pitchClassPtr => 0x51D6F38
15:52:14 [INFO] Found signature: interface_engine_cvar => 0x3E9EC
15:52:14 [INFO] Found signature: convar_name_hash_table => 0x2F0F8
15:52:14 [INFO] Found signature: m_bDormant => 0xED
15:52:14 [INFO] Found signature: model_ambient_min => 0x59205C
15:52:14 [INFO] Found signature: set_abs_angles => 0x1DF9C0
15:52:14 [INFO] Found signature: set_abs_origin => 0x1DF800
15:52:14 [INFO] Found signature: is_c4_owner => 0x3BA430
15:52:14 [INFO] Found signature: force_update_spectator_glow => 0x3AD962
15:52:14 [INFO] Found signature: anim_overlays => 0x2980
15:52:14 [INFO] Found signature: m_flSpawnTime => 0xA370
15:52:14 [INFO] Found signature: find_hud_element => 0x2872E320
15:52:14 [INFO] Finished signature scanning: 57/57 items successful
15:52:14 [INFO] Starting netvar scanning: 85 items
15:52:14 [INFO] Found netvar: m_ArmorValue => 0xB378
15:52:14 [INFO] Found netvar: m_Collision => 0x320
15:52:14 [INFO] Found netvar: m_CollisionGroup => 0x474
15:52:14 [INFO] Found netvar: m_Local => 0x2FBC
15:52:14 [INFO] Found netvar: m_MoveType => 0x25B
15:52:14 [INFO] Found netvar: m_OriginalOwnerXuidHigh => 0x31C4
15:52:14 [INFO] Found netvar: m_OriginalOwnerXuidLow => 0x31C0
15:52:14 [INFO] Found netvar: m_aimPunchAngle => 0x302C
15:52:14 [INFO] Found netvar: m_aimPunchAngleVel => 0x3038
15:52:14 [INFO] Found netvar: m_bGunGameImmunity => 0x3944
15:52:14 [INFO] Found netvar: m_bHasDefuser => 0xB388
15:52:14 [INFO] Found netvar: m_bHasHelmet => 0xB36C
15:52:14 [INFO] Found netvar: m_bInReload => 0x3238
15:52:14 [INFO] Found netvar: m_bIsDefusing => 0x3930
15:52:14 [INFO] Found netvar: m_bIsScoped => 0x3928
15:52:14 [INFO] Found netvar: m_bSpotted => 0x93D
15:52:14 [INFO] Found netvar: m_bSpottedByMask => 0x980
15:52:14 [INFO] Found netvar: m_dwBoneMatrix => 0x268C
15:52:14 [INFO] Found netvar: m_fAccuracyPenalty => 0x3330
15:52:14 [INFO] Found netvar: m_fFlags => 0x104
15:52:14 [INFO] Found netvar: m_flFallbackWear => 0x31D0
15:52:14 [INFO] Found netvar: m_flFlashDuration => 0xA420
15:52:14 [INFO] Found netvar: m_flFlashMaxAlpha => 0xA41C
15:52:14 [INFO] Found netvar: m_flNextPrimaryAttack => 0x3238
15:52:14 [INFO] Found netvar: m_hActiveWeapon => 0x2EF8
15:52:14 [INFO] Found netvar: m_hMyWeapons => 0x2EF8
15:52:14 [INFO] Found netvar: m_hObserverTarget => 0x338C
15:52:14 [INFO] Found netvar: m_hOwner => 0x29CC
15:52:14 [INFO] Found netvar: m_hOwnerEntity => 0x14C
15:52:14 [INFO] Found netvar: m_iAccountID => 0x2FC8
15:52:14 [INFO] Found netvar: m_iClip1 => 0x3264
15:52:14 [INFO] Found netvar: m_iCompetitiveRanking => 0x1A84
15:52:14 [INFO] Found netvar: m_iCompetitiveWins => 0x1B88
15:52:14 [INFO] Found netvar: m_iCrosshairId => 0xB388
15:52:14 [INFO] Found netvar: m_iEntityQuality => 0x2FAC
15:52:14 [INFO] Found netvar: m_iFOVStart => 0x31E8
15:52:14 [INFO] Found netvar: m_iFOV => 0x31E4
15:52:14 [INFO] Found netvar: m_iGlowIndex => 0xA420
15:52:14 [INFO] Found netvar: m_iHealth => 0x100
15:52:14 [INFO] Found netvar: m_iItemDefinitionIndex => 0x2FAA
15:52:14 [INFO] Found netvar: m_iItemIDHigh => 0x2FC0
15:52:14 [INFO] Found netvar: m_iObserverMode => 0x3378
15:52:14 [INFO] Found netvar: m_iShotsFired => 0xA390
15:52:14 [INFO] Found netvar: m_iState => 0x3258
15:52:14 [INFO] Found netvar: m_iTeamNum => 0xF4
15:52:14 [INFO] Found netvar: m_lifeState => 0x25F
15:52:14 [INFO] Found netvar: m_nFallbackPaintKit => 0x31C8
15:52:14 [INFO] Found netvar: m_nFallbackSeed => 0x31CC
15:52:14 [INFO] Found netvar: m_nFallbackStatTrak => 0x31D4
15:52:14 [INFO] Found netvar: m_nForceBone => 0x268C
15:52:14 [INFO] Found netvar: m_nTickBase => 0x3430
15:52:14 [INFO] Found netvar: m_rgflCoordinateFrame => 0x474
15:52:14 [INFO] Found netvar: m_szCustomName => 0x303C
15:52:14 [INFO] Found netvar: m_szLastPlaceName => 0x35B4
15:52:14 [INFO] Found netvar: m_vecOrigin => 0x138
15:52:14 [INFO] Found netvar: m_vecVelocity => 0x114
15:52:14 [INFO] Found netvar: m_vecViewOffset => 0x108
15:52:14 [INFO] Found netvar: m_viewPunchAngle => 0x3020
15:52:14 [INFO] Found netvar: m_thirdPersonViewAngles => 0x31D4
15:52:14 [INFO] Found netvar: m_clrRender => 0x70
15:52:14 [INFO] Found netvar: m_flC4Blow => 0x2990
15:52:14 [INFO] Found netvar: m_flTimerLength => 0x2994
15:52:14 [INFO] Found netvar: m_flDefuseLength => 0x29A8
15:52:14 [INFO] Found netvar: m_flDefuseCountDown => 0x29AC
15:52:14 [INFO] Found netvar: cs_gamerules_data => 0x0
15:52:14 [INFO] Found netvar: m_SurvivalRules => 0xD00
15:52:14 [INFO] Found netvar: m_SurvivalGameRuleDecisionTypes => 0x1328
15:52:14 [INFO] Found netvar: m_bIsValveDS => 0x7C
15:52:14 [INFO] Found netvar: m_bFreezePeriod => 0x20
15:52:14 [INFO] Found netvar: m_bBombPlanted => 0x9A5
15:52:14 [INFO] Found netvar: m_bIsQueuedMatchmaking => 0x74
15:52:14 [INFO] Found netvar: m_flSimulationTime => 0x268
15:52:14 [INFO] Found netvar: m_flLowerBodyYawTarget => 0x3A90
15:52:14 [INFO] Found netvar: m_angEyeAnglesX => 0xB37C
15:52:14 [INFO] Found netvar: m_angEyeAnglesY => 0xB380
15:52:14 [INFO] Found netvar: m_flNextAttack => 0x2D70
15:52:14 [INFO] Found netvar: m_iMostRecentModelBoneCounter => 0x268C
15:52:14 [INFO] Found netvar: m_flLastBoneSetupTime => 0x28BC
15:52:14 [INFO] Found netvar: m_bStartedArming => 0x33F0
15:52:14 [INFO] Found netvar: m_bUseCustomBloomScale => 0x9DA
15:52:14 [INFO] Found netvar: m_bUseCustomAutoExposureMin => 0x9D8
15:52:14 [INFO] Found netvar: m_bUseCustomAutoExposureMax => 0x9D9
15:52:14 [INFO] Found netvar: m_flCustomBloomScale => 0x9E4
15:52:14 [INFO] Found netvar: m_flCustomAutoExposureMin => 0x9DC
15:52:14 [INFO] Found netvar: m_flCustomAutoExposureMax => 0x9E0
15:52:14 [INFO] Finished netvar scanning: 85/85 items successful
20:38:12 [INFO] Opening target process: csgo.exe
20:38:12 [INFO] Starting signature scanning: 57 items
20:38:12 [INFO] Found signature: dwClientState => 0x58EFE4
20:38:12 [INFO] Found signature: dwClientState_GetLocalPlayer => 0x180
20:38:12 [INFO] Found signature: dwClientState_IsHLTV => 0x4D48
20:38:12 [INFO] Found signature: dwClientState_Map => 0x28C
20:38:12 [INFO] Found signature: dwClientState_MapDirectory => 0x188
20:38:12 [INFO] Found signature: dwClientState_MaxPlayer => 0x388
20:38:12 [INFO] Found signature: dwClientState_PlayerInfo => 0x52C0
20:38:12 [INFO] Found signature: dwClientState_State => 0x108
20:38:12 [INFO] Found signature: dwClientState_ViewAngles => 0x4D90
20:38:12 [INFO] Found signature: clientstate_delta_ticks => 0x174
20:38:12 [INFO] Found signature: clientstate_last_outgoing_command => 0x4D2C
20:38:12 [INFO] Found signature: clientstate_choked_commands => 0x4D30
20:38:12 [INFO] Found signature: clientstate_net_channel => 0x9C
20:38:12 [INFO] Found signature: dwEntityList => 0x4DA2F54
20:38:12 [INFO] Found signature: dwForceAttack => 0x31D44E4
20:38:12 [INFO] Found signature: dwForceAttack2 => 0x31D44F0
20:38:12 [INFO] Found signature: dwForceBackward => 0x31D449C
20:38:12 [INFO] Found signature: dwForceForward => 0x31D4508
20:38:12 [INFO] Found signature: dwForceJump => 0x524CEB4
20:38:12 [INFO] Found signature: dwForceLeft => 0x31D4490
20:38:12 [INFO] Found signature: dwForceRight => 0x31D44B4
20:38:12 [INFO] Found signature: dwGameDir => 0x62D7F8
20:38:12 [INFO] Found signature: dwGameRulesProxy => 0x52C019C
20:38:12 [INFO] Found signature: dwGetAllClasses => 0xDB2F8C
20:38:12 [INFO] Found signature: dwGlobalVars => 0x58ECE8
20:38:12 [INFO] Found signature: dwGlowObjectManager => 0x52EB558
20:38:12 [INFO] Found signature: dwInput => 0x51F4538
20:38:12 [INFO] Found signature: dwInterfaceLinkList => 0x9457A4
20:38:12 [INFO] Found signature: dwLocalPlayer => 0xD8B2BC
20:38:12 [INFO] Found signature: dwMouseEnable => 0xD90E60
20:38:12 [INFO] Found signature: dwMouseEnablePtr => 0xD90E30
20:38:13 [INFO] Found signature: dwPlayerResource => 0x31D2810
20:38:13 [INFO] Found signature: dwRadarBase => 0x51D7CCC
20:38:13 [INFO] Found signature: dwSensitivity => 0xD90CFC
20:38:13 [INFO] Found signature: dwSensitivityPtr => 0xD90CD0
20:38:13 [INFO] Found signature: dwSetClanTag => 0x8A1A0
20:38:13 [INFO] Found signature: dwViewMatrix => 0x4D94854
20:38:13 [INFO] Found signature: dwWeaponTable => 0x51F4FF8
20:38:13 [INFO] Found signature: dwWeaponTableIndex => 0x325C
20:38:13 [INFO] Found signature: dwYawPtr => 0xD90AC0
20:38:13 [INFO] Found signature: dwZoomSensitivityRatioPtr => 0xD95D60
20:38:13 [INFO] Found signature: dwbSendPackets => 0xD73EA
20:38:13 [INFO] Found signature: dwppDirect3DDevice9 => 0xA7050
20:38:13 [INFO] Found signature: m_pStudioHdr => 0x294C
20:38:13 [INFO] Found signature: m_yawClassPtr => 0xD90AC0
20:38:13 [INFO] Found signature: m_pitchClassPtr => 0x51D7F68
20:38:13 [INFO] Found signature: interface_engine_cvar => 0x3E9EC
20:38:13 [INFO] Found signature: convar_name_hash_table => 0x2F0F8
20:38:13 [INFO] Found signature: m_bDormant => 0xED
20:38:13 [INFO] Found signature: model_ambient_min => 0x59205C
20:38:13 [INFO] Found signature: set_abs_angles => 0x1DF9C0
20:38:13 [INFO] Found signature: set_abs_origin => 0x1DF800
20:38:13 [INFO] Found signature: is_c4_owner => 0x3BA430
20:38:13 [INFO] Found signature: force_update_spectator_glow => 0x3AD962
20:38:13 [INFO] Found signature: anim_overlays => 0x2980
20:38:13 [INFO] Found signature: m_flSpawnTime => 0xA370
20:38:13 [INFO] Found signature: find_hud_element => 0x27FFE320
20:38:13 [INFO] Finished signature scanning: 57/57 items successful
20:38:13 [INFO] Starting netvar scanning: 85 items
20:38:13 [INFO] Found netvar: m_ArmorValue => 0xB378
20:38:13 [INFO] Found netvar: m_Collision => 0x320
20:38:13 [INFO] Found netvar: m_CollisionGroup => 0x474
20:38:13 [INFO] Found netvar: m_Local => 0x2FBC
20:38:13 [INFO] Found netvar: m_MoveType => 0x25B
20:38:13 [INFO] Found netvar: m_OriginalOwnerXuidHigh => 0x31C4
20:38:13 [INFO] Found netvar: m_OriginalOwnerXuidLow => 0x31C0
20:38:13 [INFO] Found netvar: m_aimPunchAngle => 0x302C
20:38:13 [INFO] Found netvar: m_aimPunchAngleVel => 0x3038
20:38:13 [INFO] Found netvar: m_bGunGameImmunity => 0x3944
20:38:13 [INFO] Found netvar: m_bHasDefuser => 0xB388
20:38:13 [INFO] Found netvar: m_bHasHelmet => 0xB36C
20:38:13 [INFO] Found netvar: m_bInReload => 0x3238
20:38:13 [INFO] Found netvar: m_bIsDefusing => 0x3930
20:38:13 [INFO] Found netvar: m_bIsScoped => 0x3928
20:38:13 [INFO] Found netvar: m_bSpotted => 0x93D
20:38:13 [INFO] Found netvar: m_bSpottedByMask => 0x980
20:38:13 [INFO] Found netvar: m_dwBoneMatrix => 0x268C
20:38:13 [INFO] Found netvar: m_fAccuracyPenalty => 0x3330
20:38:13 [INFO] Found netvar: m_fFlags => 0x104
20:38:13 [INFO] Found netvar: m_flFallbackWear => 0x31D0
20:38:13 [INFO] Found netvar: m_flFlashDuration => 0xA420
20:38:13 [INFO] Found netvar: m_flFlashMaxAlpha => 0xA41C
20:38:13 [INFO] Found netvar: m_flNextPrimaryAttack => 0x3238
20:38:13 [INFO] Found netvar: m_hActiveWeapon => 0x2EF8
20:38:13 [INFO] Found netvar: m_hMyWeapons => 0x2EF8
20:38:13 [INFO] Found netvar: m_hObserverTarget => 0x338C
20:38:13 [INFO] Found netvar: m_hOwner => 0x29CC
20:38:13 [INFO] Found netvar: m_hOwnerEntity => 0x14C
20:38:13 [INFO] Found netvar: m_iAccountID => 0x2FC8
20:38:13 [INFO] Found netvar: m_iClip1 => 0x3264
20:38:13 [INFO] Found netvar: m_iCompetitiveRanking => 0x1A84
20:38:13 [INFO] Found netvar: m_iCompetitiveWins => 0x1B88
20:38:13 [INFO] Found netvar: m_iCrosshairId => 0xB388
20:38:13 [INFO] Found netvar: m_iEntityQuality => 0x2FAC
20:38:13 [INFO] Found netvar: m_iFOVStart => 0x31E8
20:38:13 [INFO] Found netvar: m_iFOV => 0x31E4
20:38:13 [INFO] Found netvar: m_iGlowIndex => 0xA420
20:38:13 [INFO] Found netvar: m_iHealth => 0x100
20:38:13 [INFO] Found netvar: m_iItemDefinitionIndex => 0x2FAA
20:38:13 [INFO] Found netvar: m_iItemIDHigh => 0x2FC0
20:38:13 [INFO] Found netvar: m_iObserverMode => 0x3378
20:38:13 [INFO] Found netvar: m_iShotsFired => 0xA390
20:38:13 [INFO] Found netvar: m_iState => 0x3258
20:38:13 [INFO] Found netvar: m_iTeamNum => 0xF4
20:38:13 [INFO] Found netvar: m_lifeState => 0x25F
20:38:13 [INFO] Found netvar: m_nFallbackPaintKit => 0x31C8
20:38:13 [INFO] Found netvar: m_nFallbackSeed => 0x31CC
20:38:13 [INFO] Found netvar: m_nFallbackStatTrak => 0x31D4
20:38:13 [INFO] Found netvar: m_nForceBone => 0x268C
20:38:13 [INFO] Found netvar: m_nTickBase => 0x3430
20:38:13 [INFO] Found netvar: m_rgflCoordinateFrame => 0x474
20:38:13 [INFO] Found netvar: m_szCustomName => 0x303C
20:38:13 [INFO] Found netvar: m_szLastPlaceName => 0x35B4
20:38:13 [INFO] Found netvar: m_vecOrigin => 0x138
20:38:13 [INFO] Found netvar: m_vecVelocity => 0x114
20:38:13 [INFO] Found netvar: m_vecViewOffset => 0x108
20:38:13 [INFO] Found netvar: m_viewPunchAngle => 0x3020
20:38:13 [INFO] Found netvar: m_thirdPersonViewAngles => 0x31D4
20:38:13 [INFO] Found netvar: m_clrRender => 0x70
20:38:13 [INFO] Found netvar: m_flC4Blow => 0x2990
20:38:13 [INFO] Found netvar: m_flTimerLength => 0x2994
20:38:13 [INFO] Found netvar: m_flDefuseLength => 0x29A8
20:38:13 [INFO] Found netvar: m_flDefuseCountDown => 0x29AC
20:38:13 [INFO] Found netvar: cs_gamerules_data => 0x0
20:38:13 [INFO] Found netvar: m_SurvivalRules => 0xD00
20:38:13 [INFO] Found netvar: m_SurvivalGameRuleDecisionTypes => 0x1328
20:38:13 [INFO] Found netvar: m_bIsValveDS => 0x7C
20:38:13 [INFO] Found netvar: m_bFreezePeriod => 0x20
20:38:13 [INFO] Found netvar: m_bBombPlanted => 0x9A5
20:38:13 [INFO] Found netvar: m_bIsQueuedMatchmaking => 0x74
20:38:13 [INFO] Found netvar: m_flSimulationTime => 0x268
20:38:13 [INFO] Found netvar: m_flLowerBodyYawTarget => 0x3A90
20:38:13 [INFO] Found netvar: m_angEyeAnglesX => 0xB37C
20:38:13 [INFO] Found netvar: m_angEyeAnglesY => 0xB380
20:38:13 [INFO] Found netvar: m_flNextAttack => 0x2D70
20:38:13 [INFO] Found netvar: m_iMostRecentModelBoneCounter => 0x268C
20:38:13 [INFO] Found netvar: m_flLastBoneSetupTime => 0x28BC
20:38:13 [INFO] Found netvar: m_bStartedArming => 0x33F0
20:38:13 [INFO] Found netvar: m_bUseCustomBloomScale => 0x9DA
20:38:13 [INFO] Found netvar: m_bUseCustomAutoExposureMin => 0x9D8
20:38:13 [INFO] Found netvar: m_bUseCustomAutoExposureMax => 0x9D9
20:38:13 [INFO] Found netvar: m_flCustomBloomScale => 0x9E4
20:38:13 [INFO] Found netvar: m_flCustomAutoExposureMin => 0x9DC
20:38:13 [INFO] Found netvar: m_flCustomAutoExposureMax => 0x9E0
20:38:13 [INFO] Finished netvar scanning: 85/85 items successful
13:46:11 [INFO] Opening target process: csgo.exe
13:46:11 [INFO] Starting signature scanning: 57 items
13:46:11 [INFO] Found signature: dwClientState => 0x58EFE4
13:46:11 [INFO] Found signature: dwClientState_GetLocalPlayer => 0x180
13:46:11 [INFO] Found signature: dwClientState_IsHLTV => 0x4D48
13:46:11 [INFO] Found signature: dwClientState_Map => 0x28C
13:46:11 [INFO] Found signature: dwClientState_MapDirectory => 0x188
13:46:11 [INFO] Found signature: dwClientState_MaxPlayer => 0x388
13:46:11 [INFO] Found signature: dwClientState_PlayerInfo => 0x52C0
13:46:11 [INFO] Found signature: dwClientState_State => 0x108
13:46:11 [INFO] Found signature: dwClientState_ViewAngles => 0x4D90
13:46:11 [INFO] Found signature: clientstate_delta_ticks => 0x174
13:46:11 [INFO] Found signature: clientstate_last_outgoing_command => 0x4D2C
13:46:11 [INFO] Found signature: clientstate_choked_commands => 0x4D30
13:46:11 [INFO] Found signature: clientstate_net_channel => 0x9C
13:46:11 [INFO] Found signature: dwEntityList => 0x4DA2F44
13:46:11 [INFO] Found signature: dwForceAttack => 0x31D44D4
13:46:11 [INFO] Found signature: dwForceAttack2 => 0x31D44E0
13:46:11 [INFO] Found signature: dwForceBackward => 0x31D448C
13:46:11 [INFO] Found signature: dwForceForward => 0x31D44F8
13:46:11 [INFO] Found signature: dwForceJump => 0x524CEA4
13:46:11 [INFO] Found signature: dwForceLeft => 0x31D4480
13:46:11 [INFO] Found signature: dwForceRight => 0x31D44A4
13:46:11 [INFO] Found signature: dwGameDir => 0x62D7F8
13:46:11 [INFO] Found signature: dwGameRulesProxy => 0x52C018C
13:46:11 [INFO] Found signature: dwGetAllClasses => 0xDB2F8C
13:46:11 [INFO] Found signature: dwGlobalVars => 0x58ECE8
13:46:11 [INFO] Found signature: dwGlowObjectManager => 0x52EB540
13:46:11 [INFO] Found signature: dwInput => 0x51F4528
13:46:11 [INFO] Found signature: dwInterfaceLinkList => 0x9457A4
13:46:11 [INFO] Found signature: dwLocalPlayer => 0xD8B2BC
13:46:11 [INFO] Found signature: dwMouseEnable => 0xD90E60
13:46:11 [INFO] Found signature: dwMouseEnablePtr => 0xD90E30
13:46:11 [INFO] Found signature: dwPlayerResource => 0x31D2800
13:46:11 [INFO] Found signature: dwRadarBase => 0x51D7CBC
13:46:11 [INFO] Found signature: dwSensitivity => 0xD90CFC
13:46:11 [INFO] Found signature: dwSensitivityPtr => 0xD90CD0
13:46:11 [INFO] Found signature: dwSetClanTag => 0x8A1A0
13:46:11 [INFO] Found signature: dwViewMatrix => 0x4D94844
13:46:11 [INFO] Found signature: dwWeaponTable => 0x51F4FE8
13:46:11 [INFO] Found signature: dwWeaponTableIndex => 0x325C
13:46:11 [INFO] Found signature: dwYawPtr => 0xD90AC0
13:46:11 [INFO] Found signature: dwZoomSensitivityRatioPtr => 0xD95D60
13:46:11 [INFO] Found signature: dwbSendPackets => 0xD73EA
13:46:11 [INFO] Found signature: dwppDirect3DDevice9 => 0xA7050
13:46:11 [INFO] Found signature: m_pStudioHdr => 0x294C
13:46:11 [INFO] Found signature: m_yawClassPtr => 0xD90AC0
13:46:11 [INFO] Found signature: m_pitchClassPtr => 0x51D7F58
13:46:11 [INFO] Found signature: interface_engine_cvar => 0x3E9EC
13:46:11 [INFO] Found signature: convar_name_hash_table => 0x2F0F8
13:46:11 [INFO] Found signature: m_bDormant => 0xED
13:46:11 [INFO] Found signature: model_ambient_min => 0x59205C
13:46:11 [INFO] Found signature: set_abs_angles => 0x1DF9C0
13:46:11 [INFO] Found signature: set_abs_origin => 0x1DF800
13:46:11 [INFO] Found signature: is_c4_owner => 0x3BA430
13:46:11 [INFO] Found signature: force_update_spectator_glow => 0x3AD962
13:46:11 [INFO] Found signature: anim_overlays => 0x2980
13:46:11 [INFO] Found signature: m_flSpawnTime => 0xA370
13:46:11 [INFO] Found signature: find_hud_element => 0x297BE320
13:46:11 [INFO] Finished signature scanning: 57/57 items successful
13:46:11 [INFO] Starting netvar scanning: 85 items
13:46:11 [INFO] Found netvar: m_ArmorValue => 0xB378
13:46:11 [INFO] Found netvar: m_Collision => 0x320
13:46:11 [INFO] Found netvar: m_CollisionGroup => 0x474
13:46:11 [INFO] Found netvar: m_Local => 0x2FBC
13:46:11 [INFO] Found netvar: m_MoveType => 0x25B
13:46:11 [INFO] Found netvar: m_OriginalOwnerXuidHigh => 0x31C4
13:46:11 [INFO] Found netvar: m_OriginalOwnerXuidLow => 0x31C0
13:46:11 [INFO] Found netvar: m_aimPunchAngle => 0x302C
13:46:11 [INFO] Found netvar: m_aimPunchAngleVel => 0x3038
13:46:11 [INFO] Found netvar: m_bGunGameImmunity => 0x3944
13:46:11 [INFO] Found netvar: m_bHasDefuser => 0xB388
13:46:11 [INFO] Found netvar: m_bHasHelmet => 0xB36C
13:46:11 [INFO] Found netvar: m_bInReload => 0x3238
13:46:11 [INFO] Found netvar: m_bIsDefusing => 0x3930
13:46:11 [INFO] Found netvar: m_bIsScoped => 0x3928
13:46:11 [INFO] Found netvar: m_bSpotted => 0x93D
13:46:11 [INFO] Found netvar: m_bSpottedByMask => 0x980
13:46:11 [INFO] Found netvar: m_dwBoneMatrix => 0x268C
13:46:11 [INFO] Found netvar: m_fAccuracyPenalty => 0x3330
13:46:11 [INFO] Found netvar: m_fFlags => 0x104
13:46:11 [INFO] Found netvar: m_flFallbackWear => 0x31D0
13:46:11 [INFO] Found netvar: m_flFlashDuration => 0xA420
13:46:11 [INFO] Found netvar: m_flFlashMaxAlpha => 0xA41C
13:46:11 [INFO] Found netvar: m_flNextPrimaryAttack => 0x3238
13:46:11 [INFO] Found netvar: m_hActiveWeapon => 0x2EF8
13:46:11 [INFO] Found netvar: m_hMyWeapons => 0x2EF8
13:46:11 [INFO] Found netvar: m_hObserverTarget => 0x338C
13:46:11 [INFO] Found netvar: m_hOwner => 0x29CC
13:46:11 [INFO] Found netvar: m_hOwnerEntity => 0x14C
13:46:11 [INFO] Found netvar: m_iAccountID => 0x2FC8
13:46:11 [INFO] Found netvar: m_iClip1 => 0x3264
13:46:11 [INFO] Found netvar: m_iCompetitiveRanking => 0x1A84
13:46:11 [INFO] Found netvar: m_iCompetitiveWins => 0x1B88
13:46:11 [INFO] Found netvar: m_iCrosshairId => 0xB388
13:46:11 [INFO] Found netvar: m_iEntityQuality => 0x2FAC
13:46:11 [INFO] Found netvar: m_iFOVStart => 0x31E8
13:46:11 [INFO] Found netvar: m_iFOV => 0x31E4
13:46:11 [INFO] Found netvar: m_iGlowIndex => 0xA420
13:46:11 [INFO] Found netvar: m_iHealth => 0x100
13:46:11 [INFO] Found netvar: m_iItemDefinitionIndex => 0x2FAA
13:46:11 [INFO] Found netvar: m_iItemIDHigh => 0x2FC0
13:46:11 [INFO] Found netvar: m_iObserverMode => 0x3378
13:46:11 [INFO] Found netvar: m_iShotsFired => 0xA390
13:46:11 [INFO] Found netvar: m_iState => 0x3258
13:46:11 [INFO] Found netvar: m_iTeamNum => 0xF4
13:46:11 [INFO] Found netvar: m_lifeState => 0x25F
13:46:11 [INFO] Found netvar: m_nFallbackPaintKit => 0x31C8
13:46:11 [INFO] Found netvar: m_nFallbackSeed => 0x31CC
13:46:11 [INFO] Found netvar: m_nFallbackStatTrak => 0x31D4
13:46:11 [INFO] Found netvar: m_nForceBone => 0x268C
13:46:11 [INFO] Found netvar: m_nTickBase => 0x3430
13:46:11 [INFO] Found netvar: m_rgflCoordinateFrame => 0x474
13:46:11 [INFO] Found netvar: m_szCustomName => 0x303C
13:46:11 [INFO] Found netvar: m_szLastPlaceName => 0x35B4
13:46:11 [INFO] Found netvar: m_vecOrigin => 0x138
13:46:11 [INFO] Found netvar: m_vecVelocity => 0x114
13:46:11 [INFO] Found netvar: m_vecViewOffset => 0x108
13:46:11 [INFO] Found netvar: m_viewPunchAngle => 0x3020
13:46:11 [INFO] Found netvar: m_thirdPersonViewAngles => 0x31D4
13:46:11 [INFO] Found netvar: m_clrRender => 0x70
13:46:11 [INFO] Found netvar: m_flC4Blow => 0x2990
13:46:11 [INFO] Found netvar: m_flTimerLength => 0x2994
13:46:11 [INFO] Found netvar: m_flDefuseLength => 0x29A8
13:46:11 [INFO] Found netvar: m_flDefuseCountDown => 0x29AC
13:46:11 [INFO] Found netvar: cs_gamerules_data => 0x0
13:46:11 [INFO] Found netvar: m_SurvivalRules => 0xD00
13:46:11 [INFO] Found netvar: m_SurvivalGameRuleDecisionTypes => 0x1328
13:46:11 [INFO] Found netvar: m_bIsValveDS => 0x7C
13:46:11 [INFO] Found netvar: m_bFreezePeriod => 0x20
13:46:11 [INFO] Found netvar: m_bBombPlanted => 0x9A5
13:46:11 [INFO] Found netvar: m_bIsQueuedMatchmaking => 0x74
13:46:11 [INFO] Found netvar: m_flSimulationTime => 0x268
13:46:11 [INFO] Found netvar: m_flLowerBodyYawTarget => 0x3A90
13:46:11 [INFO] Found netvar: m_angEyeAnglesX => 0xB37C
13:46:11 [INFO] Found netvar: m_angEyeAnglesY => 0xB380
13:46:11 [INFO] Found netvar: m_flNextAttack => 0x2D70
13:46:11 [INFO] Found netvar: m_iMostRecentModelBoneCounter => 0x268C
13:46:11 [INFO] Found netvar: m_flLastBoneSetupTime => 0x28BC
13:46:11 [INFO] Found netvar: m_bStartedArming => 0x33F0
13:46:11 [INFO] Found netvar: m_bUseCustomBloomScale => 0x9DA
13:46:11 [INFO] Found netvar: m_bUseCustomAutoExposureMin => 0x9D8
13:46:11 [INFO] Found netvar: m_bUseCustomAutoExposureMax => 0x9D9
13:46:11 [INFO] Found netvar: m_flCustomBloomScale => 0x9E4
13:46:11 [INFO] Found netvar: m_flCustomAutoExposureMin => 0x9DC
13:46:11 [INFO] Found netvar: m_flCustomAutoExposureMax => 0x9E0
13:46:11 [INFO] Finished netvar scanning: 85/85 items successful
09:00:25 [INFO] Opening target process: csgo.exe
09:00:25 [INFO] Starting signature scanning: 57 items
09:00:25 [INFO] Found signature: dwClientState => 0x58EFE4
09:00:25 [INFO] Found signature: dwClientState_GetLocalPlayer => 0x180
09:00:25 [INFO] Found signature: dwClientState_IsHLTV => 0x4D48
09:00:25 [INFO] Found signature: dwClientState_Map => 0x28C
09:00:25 [INFO] Found signature: dwClientState_MapDirectory => 0x188
09:00:25 [INFO] Found signature: dwClientState_MaxPlayer => 0x388
09:00:25 [INFO] Found signature: dwClientState_PlayerInfo => 0x52C0
09:00:25 [INFO] Found signature: dwClientState_State => 0x108
09:00:25 [INFO] Found signature: dwClientState_ViewAngles => 0x4D90
09:00:25 [INFO] Found signature: clientstate_delta_ticks => 0x174
09:00:25 [INFO] Found signature: clientstate_last_outgoing_command => 0x4D2C
09:00:25 [INFO] Found signature: clientstate_choked_commands => 0x4D30
09:00:25 [INFO] Found signature: clientstate_net_channel => 0x9C
09:00:25 [INFO] Found signature: dwEntityList => 0x4DA2F44
09:00:25 [INFO] Found signature: dwForceAttack => 0x31D44D4
09:00:25 [INFO] Found signature: dwForceAttack2 => 0x31D44E0
09:00:25 [INFO] Found signature: dwForceBackward => 0x31D448C
09:00:25 [INFO] Found signature: dwForceForward => 0x31D44F8
09:00:25 [INFO] Found signature: dwForceJump => 0x524CEA4
09:00:25 [INFO] Found signature: dwForceLeft => 0x31D4480
09:00:25 [INFO] Found signature: dwForceRight => 0x31D44A4
09:00:25 [INFO] Found signature: dwGameDir => 0x62D7F8
09:00:25 [INFO] Found signature: dwGameRulesProxy => 0x52C018C
09:00:25 [INFO] Found signature: dwGetAllClasses => 0xDB2F8C
09:00:25 [INFO] Found signature: dwGlobalVars => 0x58ECE8
09:00:25 [INFO] Found signature: dwGlowObjectManager => 0x52EB540
09:00:25 [INFO] Found signature: dwInput => 0x51F4528
09:00:25 [INFO] Found signature: dwInterfaceLinkList => 0x945874
09:00:25 [INFO] Found signature: dwLocalPlayer => 0xD8B2BC
09:00:25 [INFO] Found signature: dwMouseEnable => 0xD90E60
09:00:25 [INFO] Found signature: dwMouseEnablePtr => 0xD90E30
09:00:25 [INFO] Found signature: dwPlayerResource => 0x31D2800
09:00:25 [INFO] Found signature: dwRadarBase => 0x51D7CBC
09:00:25 [INFO] Found signature: dwSensitivity => 0xD90CFC
09:00:25 [INFO] Found signature: dwSensitivityPtr => 0xD90CD0
09:00:25 [INFO] Found signature: dwSetClanTag => 0x8A1A0
09:00:25 [INFO] Found signature: dwViewMatrix => 0x4D94844
09:00:25 [INFO] Found signature: dwWeaponTable => 0x51F4FE8
09:00:25 [INFO] Found signature: dwWeaponTableIndex => 0x325C
09:00:25 [INFO] Found signature: dwYawPtr => 0xD90AC0
09:00:25 [INFO] Found signature: dwZoomSensitivityRatioPtr => 0xD95D60
09:00:25 [INFO] Found signature: dwbSendPackets => 0xD745A
09:00:25 [INFO] Found signature: dwppDirect3DDevice9 => 0xA7050
09:00:25 [INFO] Found signature: m_pStudioHdr => 0x294C
09:00:25 [INFO] Found signature: m_yawClassPtr => 0xD90AC0
09:00:25 [INFO] Found signature: m_pitchClassPtr => 0x51D7F58
09:00:25 [INFO] Found signature: interface_engine_cvar => 0x3E9EC
09:00:25 [INFO] Found signature: convar_name_hash_table => 0x2F0F8
09:00:25 [INFO] Found signature: m_bDormant => 0xED
09:00:25 [INFO] Found signature: model_ambient_min => 0x59205C
09:00:25 [INFO] Found signature: set_abs_angles => 0x1DF9C0
09:00:25 [INFO] Found signature: set_abs_origin => 0x1DF800
09:00:25 [INFO] Found signature: is_c4_owner => 0x3BA430
09:00:25 [INFO] Found signature: force_update_spectator_glow => 0x3AD962
09:00:25 [INFO] Found signature: anim_overlays => 0x2980
09:00:25 [INFO] Found signature: m_flSpawnTime => 0xA370
09:00:25 [INFO] Found signature: find_hud_element => 0x27DBE320
09:00:25 [INFO] Finished signature scanning: 57/57 items successful
09:00:25 [INFO] Starting netvar scanning: 85 items
09:00:25 [INFO] Found netvar: m_ArmorValue => 0xB378
09:00:25 [INFO] Found netvar: m_Collision => 0x320
09:00:25 [INFO] Found netvar: m_CollisionGroup => 0x474
09:00:25 [INFO] Found netvar: m_Local => 0x2FBC
09:00:25 [INFO] Found netvar: m_MoveType => 0x25B
09:00:25 [INFO] Found netvar: m_OriginalOwnerXuidHigh => 0x31C4
09:00:25 [INFO] Found netvar: m_OriginalOwnerXuidLow => 0x31C0
09:00:25 [INFO] Found netvar: m_aimPunchAngle => 0x302C
09:00:25 [INFO] Found netvar: m_aimPunchAngleVel => 0x3038
09:00:25 [INFO] Found netvar: m_bGunGameImmunity => 0x3944
09:00:25 [INFO] Found netvar: m_bHasDefuser => 0xB388
09:00:25 [INFO] Found netvar: m_bHasHelmet => 0xB36C
09:00:25 [INFO] Found netvar: m_bInReload => 0x3238
09:00:25 [INFO] Found netvar: m_bIsDefusing => 0x3930
09:00:25 [INFO] Found netvar: m_bIsScoped => 0x3928
09:00:25 [INFO] Found netvar: m_bSpotted => 0x93D
09:00:25 [INFO] Found netvar: m_bSpottedByMask => 0x980
09:00:25 [INFO] Found netvar: m_dwBoneMatrix => 0x268C
09:00:25 [INFO] Found netvar: m_fAccuracyPenalty => 0x3330
09:00:25 [INFO] Found netvar: m_fFlags => 0x104
09:00:25 [INFO] Found netvar: m_flFallbackWear => 0x31D0
09:00:25 [INFO] Found netvar: m_flFlashDuration => 0xA420
09:00:25 [INFO] Found netvar: m_flFlashMaxAlpha => 0xA41C
09:00:25 [INFO] Found netvar: m_flNextPrimaryAttack => 0x3238
09:00:25 [INFO] Found netvar: m_hActiveWeapon => 0x2EF8
09:00:25 [INFO] Found netvar: m_hMyWeapons => 0x2EF8
09:00:25 [INFO] Found netvar: m_hObserverTarget => 0x338C
09:00:25 [INFO] Found netvar: m_hOwner => 0x29CC
09:00:25 [INFO] Found netvar: m_hOwnerEntity => 0x14C
09:00:25 [INFO] Found netvar: m_iAccountID => 0x2FC8
09:00:25 [INFO] Found netvar: m_iClip1 => 0x3264
09:00:25 [INFO] Found netvar: m_iCompetitiveRanking => 0x1A84
09:00:25 [INFO] Found netvar: m_iCompetitiveWins => 0x1B88
09:00:25 [INFO] Found netvar: m_iCrosshairId => 0xB388
09:00:25 [INFO] Found netvar: m_iEntityQuality => 0x2FAC
09:00:25 [INFO] Found netvar: m_iFOVStart => 0x31E8
09:00:25 [INFO] Found netvar: m_iFOV => 0x31E4
09:00:25 [INFO] Found netvar: m_iGlowIndex => 0xA420
09:00:25 [INFO] Found netvar: m_iHealth => 0x100
09:00:25 [INFO] Found netvar: m_iItemDefinitionIndex => 0x2FAA
09:00:25 [INFO] Found netvar: m_iItemIDHigh => 0x2FC0
09:00:25 [INFO] Found netvar: m_iObserverMode => 0x3378
09:00:25 [INFO] Found netvar: m_iShotsFired => 0xA390
09:00:25 [INFO] Found netvar: m_iState => 0x3258
09:00:25 [INFO] Found netvar: m_iTeamNum => 0xF4
09:00:25 [INFO] Found netvar: m_lifeState => 0x25F
09:00:25 [INFO] Found netvar: m_nFallbackPaintKit => 0x31C8
09:00:25 [INFO] Found netvar: m_nFallbackSeed => 0x31CC
09:00:25 [INFO] Found netvar: m_nFallbackStatTrak => 0x31D4
09:00:25 [INFO] Found netvar: m_nForceBone => 0x268C
09:00:25 [INFO] Found netvar: m_nTickBase => 0x3430
09:00:25 [INFO] Found netvar: m_rgflCoordinateFrame => 0x474
09:00:25 [INFO] Found netvar: m_szCustomName => 0x303C
09:00:25 [INFO] Found netvar: m_szLastPlaceName => 0x35B4
09:00:25 [INFO] Found netvar: m_vecOrigin => 0x138
09:00:25 [INFO] Found netvar: m_vecVelocity => 0x114
09:00:25 [INFO] Found netvar: m_vecViewOffset => 0x108
09:00:25 [INFO] Found netvar: m_viewPunchAngle => 0x3020
09:00:25 [INFO] Found netvar: m_thirdPersonViewAngles => 0x31D4
09:00:25 [INFO] Found netvar: m_clrRender => 0x70
09:00:25 [INFO] Found netvar: m_flC4Blow => 0x2990
09:00:25 [INFO] Found netvar: m_flTimerLength => 0x2994
09:00:25 [INFO] Found netvar: m_flDefuseLength => 0x29A8
09:00:25 [INFO] Found netvar: m_flDefuseCountDown => 0x29AC
09:00:25 [INFO] Found netvar: cs_gamerules_data => 0x0
09:00:25 [INFO] Found netvar: m_SurvivalRules => 0xD00
09:00:25 [INFO] Found netvar: m_SurvivalGameRuleDecisionTypes => 0x1328
09:00:25 [INFO] Found netvar: m_bIsValveDS => 0x7C
09:00:25 [INFO] Found netvar: m_bFreezePeriod => 0x20
09:00:25 [INFO] Found netvar: m_bBombPlanted => 0x9A5
09:00:25 [INFO] Found netvar: m_bIsQueuedMatchmaking => 0x74
09:00:25 [INFO] Found netvar: m_flSimulationTime => 0x268
09:00:25 [INFO] Found netvar: m_flLowerBodyYawTarget => 0x3A90
09:00:25 [INFO] Found netvar: m_angEyeAnglesX => 0xB37C
09:00:25 [INFO] Found netvar: m_angEyeAnglesY => 0xB380
09:00:25 [INFO] Found netvar: m_flNextAttack => 0x2D70
09:00:25 [INFO] Found netvar: m_iMostRecentModelBoneCounter => 0x268C
09:00:25 [INFO] Found netvar: m_flLastBoneSetupTime => 0x28BC
09:00:25 [INFO] Found netvar: m_bStartedArming => 0x33F0
09:00:25 [INFO] Found netvar: m_bUseCustomBloomScale => 0x9DA
09:00:25 [INFO] Found netvar: m_bUseCustomAutoExposureMin => 0x9D8
09:00:25 [INFO] Found netvar: m_bUseCustomAutoExposureMax => 0x9D9
09:00:25 [INFO] Found netvar: m_flCustomBloomScale => 0x9E4
09:00:25 [INFO] Found netvar: m_flCustomAutoExposureMin => 0x9DC
09:00:25 [INFO] Found netvar: m_flCustomAutoExposureMax => 0x9E0
09:00:25 [INFO] Finished netvar scanning: 85/85 items successful
08:06:30 [INFO] Opening target process: csgo.exe
08:06:30 [INFO] Starting signature scanning: 57 items
08:06:30 [INFO] Found signature: dwClientState => 0x58EFE4
08:06:30 [INFO] Found signature: dwClientState_GetLocalPlayer => 0x180
08:06:30 [INFO] Found signature: dwClientState_IsHLTV => 0x4D48
08:06:30 [INFO] Found signature: dwClientState_Map => 0x28C
08:06:30 [INFO] Found signature: dwClientState_MapDirectory => 0x188
08:06:30 [INFO] Found signature: dwClientState_MaxPlayer => 0x388
08:06:30 [INFO] Found signature: dwClientState_PlayerInfo => 0x52C0
08:06:30 [INFO] Found signature: dwClientState_State => 0x108
08:06:30 [INFO] Found signature: dwClientState_ViewAngles => 0x4D90
08:06:30 [INFO] Found signature: clientstate_delta_ticks => 0x174
08:06:30 [INFO] Found signature: clientstate_last_outgoing_command => 0x4D2C
08:06:30 [INFO] Found signature: clientstate_choked_commands => 0x4D30
08:06:30 [INFO] Found signature: clientstate_net_channel => 0x9C
08:06:30 [INFO] Found signature: dwEntityList => 0x4DA2F44
08:06:30 [INFO] Found signature: dwForceAttack => 0x31D44D4
08:06:30 [INFO] Found signature: dwForceAttack2 => 0x31D44E0
08:06:30 [INFO] Found signature: dwForceBackward => 0x31D448C
08:06:30 [INFO] Found signature: dwForceForward => 0x31D44F8
08:06:30 [INFO] Found signature: dwForceJump => 0x524CEA4
08:06:30 [INFO] Found signature: dwForceLeft => 0x31D4480
08:06:30 [INFO] Found signature: dwForceRight => 0x31D44A4
08:06:30 [INFO] Found signature: dwGameDir => 0x62D7F8
08:06:30 [INFO] Found signature: dwGameRulesProxy => 0x52C018C
08:06:30 [INFO] Found signature: dwGetAllClasses => 0xDB2F8C
08:06:30 [INFO] Found signature: dwGlobalVars => 0x58ECE8
08:06:30 [INFO] Found signature: dwGlowObjectManager => 0x52EB540
08:06:30 [INFO] Found signature: dwInput => 0x51F4528
08:06:30 [INFO] Found signature: dwInterfaceLinkList => 0x945874
08:06:30 [INFO] Found signature: dwLocalPlayer => 0xD8B2BC
08:06:30 [INFO] Found signature: dwMouseEnable => 0xD90E60
08:06:30 [INFO] Found signature: dwMouseEnablePtr => 0xD90E30
08:06:30 [INFO] Found signature: dwPlayerResource => 0x31D2800
08:06:30 [INFO] Found signature: dwRadarBase => 0x51D7CBC
08:06:30 [INFO] Found signature: dwSensitivity => 0xD90CFC
08:06:30 [INFO] Found signature: dwSensitivityPtr => 0xD90CD0
08:06:30 [INFO] Found signature: dwSetClanTag => 0x8A1A0
08:06:30 [INFO] Found signature: dwViewMatrix => 0x4D94844
08:06:30 [INFO] Found signature: dwWeaponTable => 0x51F4FE8
08:06:30 [INFO] Found signature: dwWeaponTableIndex => 0x325C
08:06:30 [INFO] Found signature: dwYawPtr => 0xD90AC0
08:06:30 [INFO] Found signature: dwZoomSensitivityRatioPtr => 0xD95D60
08:06:30 [INFO] Found signature: dwbSendPackets => 0xD745A
08:06:30 [INFO] Found signature: dwppDirect3DDevice9 => 0xA7050
08:06:30 [INFO] Found signature: m_pStudioHdr => 0x294C
08:06:30 [INFO] Found signature: m_yawClassPtr => 0xD90AC0
08:06:30 [INFO] Found signature: m_pitchClassPtr => 0x51D7F58
08:06:30 [INFO] Found signature: interface_engine_cvar => 0x3E9EC
08:06:30 [INFO] Found signature: convar_name_hash_table => 0x2F0F8
08:06:30 [INFO] Found signature: m_bDormant => 0xED
08:06:30 [INFO] Found signature: model_ambient_min => 0x59205C
08:06:30 [INFO] Found signature: set_abs_angles => 0x1DF9C0
08:06:30 [INFO] Found signature: set_abs_origin => 0x1DF800
08:06:30 [INFO] Found signature: is_c4_owner => 0x3BA430
08:06:30 [INFO] Found signature: force_update_spectator_glow => 0x3AD962
08:06:30 [INFO] Found signature: anim_overlays => 0x2980
08:06:30 [INFO] Found signature: m_flSpawnTime => 0xA370
08:06:30 [INFO] Found signature: find_hud_element => 0x2AD4E320
08:06:30 [INFO] Finished signature scanning: 57/57 items successful
08:06:30 [INFO] Starting netvar scanning: 85 items
08:06:30 [INFO] Found netvar: m_ArmorValue => 0xB378
08:06:30 [INFO] Found netvar: m_Collision => 0x320
08:06:30 [INFO] Found netvar: m_CollisionGroup => 0x474
08:06:30 [INFO] Found netvar: m_Local => 0x2FBC
08:06:30 [INFO] Found netvar: m_MoveType => 0x25B
08:06:30 [INFO] Found netvar: m_OriginalOwnerXuidHigh => 0x31C4
08:06:30 [INFO] Found netvar: m_OriginalOwnerXuidLow => 0x31C0
08:06:30 [INFO] Found netvar: m_aimPunchAngle => 0x302C
08:06:30 [INFO] Found netvar: m_aimPunchAngleVel => 0x3038
08:06:30 [INFO] Found netvar: m_bGunGameImmunity => 0x3944
08:06:30 [INFO] Found netvar: m_bHasDefuser => 0xB388
08:06:30 [INFO] Found netvar: m_bHasHelmet => 0xB36C
08:06:30 [INFO] Found netvar: m_bInReload => 0x3238
08:06:30 [INFO] Found netvar: m_bIsDefusing => 0x3930
08:06:30 [INFO] Found netvar: m_bIsScoped => 0x3928
08:06:30 [INFO] Found netvar: m_bSpotted => 0x93D
08:06:30 [INFO] Found netvar: m_bSpottedByMask => 0x980
08:06:30 [INFO] Found netvar: m_dwBoneMatrix => 0x268C
08:06:30 [INFO] Found netvar: m_fAccuracyPenalty => 0x3330
08:06:30 [INFO] Found netvar: m_fFlags => 0x104
08:06:30 [INFO] Found netvar: m_flFallbackWear => 0x31D0
08:06:30 [INFO] Found netvar: m_flFlashDuration => 0xA420
08:06:30 [INFO] Found netvar: m_flFlashMaxAlpha => 0xA41C
08:06:30 [INFO] Found netvar: m_flNextPrimaryAttack => 0x3238
08:06:30 [INFO] Found netvar: m_hActiveWeapon => 0x2EF8
08:06:30 [INFO] Found netvar: m_hMyWeapons => 0x2EF8
08:06:30 [INFO] Found netvar: m_hObserverTarget => 0x338C
08:06:30 [INFO] Found netvar: m_hOwner => 0x29CC
08:06:30 [INFO] Found netvar: m_hOwnerEntity => 0x14C
08:06:30 [INFO] Found netvar: m_iAccountID => 0x2FC8
08:06:30 [INFO] Found netvar: m_iClip1 => 0x3264
08:06:30 [INFO] Found netvar: m_iCompetitiveRanking => 0x1A84
08:06:30 [INFO] Found netvar: m_iCompetitiveWins => 0x1B88
08:06:30 [INFO] Found netvar: m_iCrosshairId => 0xB388
08:06:30 [INFO] Found netvar: m_iEntityQuality => 0x2FAC
08:06:30 [INFO] Found netvar: m_iFOVStart => 0x31E8
08:06:30 [INFO] Found netvar: m_iFOV => 0x31E4
08:06:30 [INFO] Found netvar: m_iGlowIndex => 0xA420
08:06:30 [INFO] Found netvar: m_iHealth => 0x100
08:06:30 [INFO] Found netvar: m_iItemDefinitionIndex => 0x2FAA
08:06:30 [INFO] Found netvar: m_iItemIDHigh => 0x2FC0
08:06:30 [INFO] Found netvar: m_iObserverMode => 0x3378
08:06:30 [INFO] Found netvar: m_iShotsFired => 0xA390
08:06:30 [INFO] Found netvar: m_iState => 0x3258
08:06:30 [INFO] Found netvar: m_iTeamNum => 0xF4
08:06:30 [INFO] Found netvar: m_lifeState => 0x25F
08:06:30 [INFO] Found netvar: m_nFallbackPaintKit => 0x31C8
08:06:30 [INFO] Found netvar: m_nFallbackSeed => 0x31CC
08:06:30 [INFO] Found netvar: m_nFallbackStatTrak => 0x31D4
08:06:30 [INFO] Found netvar: m_nForceBone => 0x268C
08:06:30 [INFO] Found netvar: m_nTickBase => 0x3430
08:06:30 [INFO] Found netvar: m_rgflCoordinateFrame => 0x474
08:06:30 [INFO] Found netvar: m_szCustomName => 0x303C
08:06:30 [INFO] Found netvar: m_szLastPlaceName => 0x35B4
08:06:30 [INFO] Found netvar: m_vecOrigin => 0x138
08:06:30 [INFO] Found netvar: m_vecVelocity => 0x114
08:06:30 [INFO] Found netvar: m_vecViewOffset => 0x108
08:06:30 [INFO] Found netvar: m_viewPunchAngle => 0x3020
08:06:30 [INFO] Found netvar: m_thirdPersonViewAngles => 0x31D4
08:06:30 [INFO] Found netvar: m_clrRender => 0x70
08:06:30 [INFO] Found netvar: m_flC4Blow => 0x2990
08:06:30 [INFO] Found netvar: m_flTimerLength => 0x2994
08:06:30 [INFO] Found netvar: m_flDefuseLength => 0x29A8
08:06:30 [INFO] Found netvar: m_flDefuseCountDown => 0x29AC
08:06:30 [INFO] Found netvar: cs_gamerules_data => 0x0
08:06:30 [INFO] Found netvar: m_SurvivalRules => 0xD00
08:06:30 [INFO] Found netvar: m_SurvivalGameRuleDecisionTypes => 0x1328
08:06:30 [INFO] Found netvar: m_bIsValveDS => 0x7C
08:06:30 [INFO] Found netvar: m_bFreezePeriod => 0x20
08:06:30 [INFO] Found netvar: m_bBombPlanted => 0x9A5
08:06:30 [INFO] Found netvar: m_bIsQueuedMatchmaking => 0x74
08:06:30 [INFO] Found netvar: m_flSimulationTime => 0x268
08:06:30 [INFO] Found netvar: m_flLowerBodyYawTarget => 0x3A90
08:06:30 [INFO] Found netvar: m_angEyeAnglesX => 0xB37C
08:06:30 [INFO] Found netvar: m_angEyeAnglesY => 0xB380
08:06:30 [INFO] Found netvar: m_flNextAttack => 0x2D70
08:06:30 [INFO] Found netvar: m_iMostRecentModelBoneCounter => 0x268C
08:06:30 [INFO] Found netvar: m_flLastBoneSetupTime => 0x28BC
08:06:30 [INFO] Found netvar: m_bStartedArming => 0x33F0
08:06:30 [INFO] Found netvar: m_bUseCustomBloomScale => 0x9DA
08:06:30 [INFO] Found netvar: m_bUseCustomAutoExposureMin => 0x9D8
08:06:30 [INFO] Found netvar: m_bUseCustomAutoExposureMax => 0x9D9
08:06:30 [INFO] Found netvar: m_flCustomBloomScale => 0x9E4
08:06:30 [INFO] Found netvar: m_flCustomAutoExposureMin => 0x9DC
08:06:30 [INFO] Found netvar: m_flCustomAutoExposureMax => 0x9E0
08:06:30 [INFO] Finished netvar scanning: 85/85 items successful
